{"/Users/daniel.nogueira/Documents/repo/ezeep-js/src/components/ezp-printing/ezp-printing.tsx": {"path":"/Users/daniel.nogueira/Documents/repo/ezeep-js/src/components/ezp-printing/ezp-printing.tsx","statementMap":{"0":{"start":{"line":1,"column":0},"end":{"line":1,"column":null}},"1":{"start":{"line":13,"column":0},"end":{"line":13,"column":96}},"2":{"start":{"line":14,"column":0},"end":{"line":14,"column":66}},"3":{"start":{"line":15,"column":0},"end":{"line":15,"column":43}},"4":{"start":{"line":16,"column":0},"end":{"line":16,"column":45}},"5":{"start":{"line":23,"column":0},"end":{"line":23,"column":29}},"6":{"start":{"line":24,"column":0},"end":{"line":24,"column":44}},"7":{"start":{"line":25,"column":0},"end":{"line":25,"column":46}},"8":{"start":{"line":26,"column":0},"end":{"line":26,"column":65}},"9":{"start":{"line":38,"column":27},"end":{"line":38,"column":null}},"10":{"start":{"line":43,"column":10},"end":{"line":43,"column":null}},"11":{"start":{"line":44,"column":10},"end":{"line":44,"column":null}},"12":{"start":{"line":47,"column":10},"end":{"line":47,"column":null}},"13":{"start":{"line":49,"column":10},"end":{"line":49,"column":null}},"14":{"start":{"line":51,"column":10},"end":{"line":51,"column":null}},"15":{"start":{"line":54,"column":10},"end":{"line":54,"column":null}},"16":{"start":{"line":63,"column":11},"end":{"line":63,"column":null}},"17":{"start":{"line":64,"column":11},"end":{"line":64,"column":null}},"18":{"start":{"line":65,"column":11},"end":{"line":65,"column":null}},"19":{"start":{"line":66,"column":11},"end":{"line":66,"column":null}},"20":{"start":{"line":68,"column":11},"end":{"line":68,"column":null}},"21":{"start":{"line":74,"column":4},"end":{"line":80,"column":5}},"22":{"start":{"line":75,"column":20},"end":{"line":75,"column":51}},"23":{"start":{"line":76,"column":6},"end":{"line":78,"column":7}},"24":{"start":{"line":76,"column":19},"end":{"line":76,"column":20}},"25":{"start":{"line":77,"column":8},"end":{"line":77,"column":null}},"26":{"start":{"line":79,"column":6},"end":{"line":79,"column":null}},"27":{"start":{"line":85,"column":4},"end":{"line":87,"column":5}},"28":{"start":{"line":86,"column":6},"end":{"line":86,"column":null}},"29":{"start":{"line":92,"column":4},"end":{"line":94,"column":5}},"30":{"start":{"line":93,"column":6},"end":{"line":93,"column":null}},"31":{"start":{"line":99,"column":4},"end":{"line":101,"column":5}},"32":{"start":{"line":100,"column":6},"end":{"line":100,"column":null}},"33":{"start":{"line":113,"column":4},"end":{"line":113,"column":null}},"34":{"start":{"line":115,"column":4},"end":{"line":115,"column":null}},"35":{"start":{"line":116,"column":4},"end":{"line":116,"column":null}},"36":{"start":{"line":118,"column":29},"end":{"line":121,"column":6}},"37":{"start":{"line":122,"column":4},"end":{"line":122,"column":null}},"38":{"start":{"line":123,"column":4},"end":{"line":123,"column":null}},"39":{"start":{"line":129,"column":4},"end":{"line":129,"column":null}},"40":{"start":{"line":130,"column":4},"end":{"line":130,"column":null}},"41":{"start":{"line":131,"column":4},"end":{"line":131,"column":null}},"42":{"start":{"line":137,"column":4},"end":{"line":137,"column":null}},"43":{"start":{"line":138,"column":4},"end":{"line":138,"column":null}},"44":{"start":{"line":143,"column":4},"end":{"line":143,"column":null}},"45":{"start":{"line":145,"column":4},"end":{"line":145,"column":null}},"46":{"start":{"line":146,"column":4},"end":{"line":146,"column":null}},"47":{"start":{"line":148,"column":29},"end":{"line":151,"column":6}},"48":{"start":{"line":152,"column":4},"end":{"line":152,"column":null}},"49":{"start":{"line":153,"column":4},"end":{"line":153,"column":null}},"50":{"start":{"line":158,"column":4},"end":{"line":165,"column":5}},"51":{"start":{"line":159,"column":6},"end":{"line":159,"column":null}},"52":{"start":{"line":160,"column":6},"end":{"line":160,"column":null}},"53":{"start":{"line":161,"column":11},"end":{"line":165,"column":5}},"54":{"start":{"line":162,"column":6},"end":{"line":162,"column":null}},"55":{"start":{"line":164,"column":6},"end":{"line":164,"column":null}},"56":{"start":{"line":170,"column":4},"end":{"line":170,"column":null}},"57":{"start":{"line":171,"column":4},"end":{"line":171,"column":null}},"58":{"start":{"line":172,"column":4},"end":{"line":172,"column":null}},"59":{"start":{"line":177,"column":4},"end":{"line":179,"column":5}},"60":{"start":{"line":178,"column":6},"end":{"line":178,"column":null}},"61":{"start":{"line":184,"column":4},"end":{"line":186,"column":5}},"62":{"start":{"line":185,"column":6},"end":{"line":185,"column":null}},"63":{"start":{"line":191,"column":4},"end":{"line":191,"column":null}},"64":{"start":{"line":215,"column":4},"end":{"line":215,"column":null}},"65":{"start":{"line":220,"column":4},"end":{"line":220,"column":null}},"66":{"start":{"line":221,"column":4},"end":{"line":221,"column":null}},"67":{"start":{"line":222,"column":4},"end":{"line":222,"column":null}},"68":{"start":{"line":227,"column":4},"end":{"line":227,"column":null}},"69":{"start":{"line":229,"column":25},"end":{"line":229,"column":77}},"70":{"start":{"line":231,"column":21},"end":{"line":236,"column":8}},"71":{"start":{"line":234,"column":8},"end":{"line":234,"column":null}},"72":{"start":{"line":235,"column":8},"end":{"line":235,"column":null}},"73":{"start":{"line":238,"column":4},"end":{"line":241,"column":5}},"74":{"start":{"line":239,"column":21},"end":{"line":239,"column":36}},"75":{"start":{"line":240,"column":6},"end":{"line":240,"column":null}},"76":{"start":{"line":246,"column":4},"end":{"line":246,"column":null}},"77":{"start":{"line":247,"column":4},"end":{"line":247,"column":null}},"78":{"start":{"line":248,"column":4},"end":{"line":248,"column":null}},"79":{"start":{"line":249,"column":4},"end":{"line":249,"column":null}},"80":{"start":{"line":255,"column":4},"end":{"line":255,"column":null}},"81":{"start":{"line":256,"column":4},"end":{"line":256,"column":null}},"82":{"start":{"line":260,"column":4},"end":{"line":260,"column":null}},"83":{"start":{"line":265,"column":25},"end":{"line":265,"column":77}},"84":{"start":{"line":267,"column":22},"end":{"line":267,"column":49}},"85":{"start":{"line":269,"column":4},"end":{"line":272,"column":5}},"86":{"start":{"line":270,"column":6},"end":{"line":270,"column":null}},"87":{"start":{"line":271,"column":6},"end":{"line":271,"column":null}},"88":{"start":{"line":274,"column":4},"end":{"line":276,"column":5}},"89":{"start":{"line":275,"column":6},"end":{"line":275,"column":null}},"90":{"start":{"line":278,"column":4},"end":{"line":291,"column":null}},"91":{"start":{"line":281,"column":8},"end":{"line":283,"column":9}},"92":{"start":{"line":282,"column":10},"end":{"line":282,"column":null}},"93":{"start":{"line":284,"column":8},"end":{"line":287,"column":9}},"94":{"start":{"line":285,"column":10},"end":{"line":285,"column":null}},"95":{"start":{"line":286,"column":10},"end":{"line":286,"column":null}},"96":{"start":{"line":290,"column":8},"end":{"line":290,"column":null}},"97":{"start":{"line":293,"column":4},"end":{"line":293,"column":null}},"98":{"start":{"line":295,"column":4},"end":{"line":295,"column":null}},"99":{"start":{"line":303,"column":4},"end":{"line":305,"column":5}},"100":{"start":{"line":304,"column":6},"end":{"line":304,"column":null}},"101":{"start":{"line":308,"column":4},"end":{"line":315,"column":5}},"102":{"start":{"line":309,"column":6},"end":{"line":312,"column":7}},"103":{"start":{"line":310,"column":20},"end":{"line":310,"column":36}},"104":{"start":{"line":311,"column":8},"end":{"line":311,"column":null}},"105":{"start":{"line":318,"column":4},"end":{"line":318,"column":null}},"106":{"start":{"line":322,"column":24},"end":{"line":322,"column":84}},"107":{"start":{"line":323,"column":4},"end":{"line":325,"column":null}},"108":{"start":{"line":324,"column":6},"end":{"line":324,"column":null}},"109":{"start":{"line":329,"column":33},"end":{"line":329,"column":82}},"110":{"start":{"line":331,"column":4},"end":{"line":331,"column":null}},"111":{"start":{"line":333,"column":4},"end":{"line":335,"column":null}},"112":{"start":{"line":334,"column":6},"end":{"line":334,"column":null}},"113":{"start":{"line":337,"column":4},"end":{"line":337,"column":null}},"114":{"start":{"line":338,"column":4},"end":{"line":338,"column":null}},"115":{"start":{"line":339,"column":4},"end":{"line":339,"column":null}},"116":{"start":{"line":341,"column":4},"end":{"line":345,"column":5}},"117":{"start":{"line":342,"column":6},"end":{"line":342,"column":null}},"118":{"start":{"line":344,"column":6},"end":{"line":344,"column":null}},"119":{"start":{"line":347,"column":4},"end":{"line":351,"column":5}},"120":{"start":{"line":348,"column":6},"end":{"line":348,"column":null}},"121":{"start":{"line":350,"column":6},"end":{"line":350,"column":null}},"122":{"start":{"line":353,"column":4},"end":{"line":353,"column":null}},"123":{"start":{"line":355,"column":4},"end":{"line":355,"column":null}},"124":{"start":{"line":356,"column":4},"end":{"line":356,"column":null}},"125":{"start":{"line":357,"column":4},"end":{"line":357,"column":null}},"126":{"start":{"line":361,"column":4},"end":{"line":361,"column":null}},"127":{"start":{"line":371,"column":4},"end":{"line":426,"column":null}},"128":{"start":{"line":390,"column":29},"end":{"line":390,"column":40}},"129":{"start":{"line":28,"column":0},"end":{"line":28,"column":null}}},"fnMap":{"0":{"name":"(anonymous_10)","decl":{"start":{"line":28,"column":0},"end":{"line":28,"column":null}},"loc":{"start":{"line":28,"column":0},"end":{"line":428,"column":null}}},"1":{"name":"(anonymous_11)","decl":{"start":{"line":73,"column":2},"end":{"line":73,"column":15}},"loc":{"start":{"line":73,"column":50},"end":{"line":81,"column":3}}},"2":{"name":"(anonymous_12)","decl":{"start":{"line":84,"column":2},"end":{"line":84,"column":15}},"loc":{"start":{"line":84,"column":50},"end":{"line":88,"column":3}}},"3":{"name":"(anonymous_13)","decl":{"start":{"line":91,"column":2},"end":{"line":91,"column":14}},"loc":{"start":{"line":91,"column":49},"end":{"line":95,"column":3}}},"4":{"name":"(anonymous_14)","decl":{"start":{"line":98,"column":2},"end":{"line":98,"column":15}},"loc":{"start":{"line":98,"column":50},"end":{"line":102,"column":3}}},"5":{"name":"(anonymous_15)","decl":{"start":{"line":112,"column":2},"end":{"line":112,"column":19}},"loc":{"start":{"line":112,"column":19},"end":{"line":124,"column":3}}},"6":{"name":"(anonymous_16)","decl":{"start":{"line":128,"column":2},"end":{"line":128,"column":19}},"loc":{"start":{"line":128,"column":19},"end":{"line":132,"column":3}}},"7":{"name":"(anonymous_17)","decl":{"start":{"line":136,"column":2},"end":{"line":136,"column":18}},"loc":{"start":{"line":136,"column":18},"end":{"line":139,"column":3}}},"8":{"name":"(anonymous_18)","decl":{"start":{"line":142,"column":2},"end":{"line":142,"column":18}},"loc":{"start":{"line":142,"column":18},"end":{"line":154,"column":3}}},"9":{"name":"(anonymous_19)","decl":{"start":{"line":157,"column":2},"end":{"line":157,"column":19}},"loc":{"start":{"line":157,"column":19},"end":{"line":166,"column":3}}},"10":{"name":"(anonymous_20)","decl":{"start":{"line":169,"column":2},"end":{"line":169,"column":18}},"loc":{"start":{"line":169,"column":37},"end":{"line":173,"column":3}}},"11":{"name":"(anonymous_21)","decl":{"start":{"line":176,"column":2},"end":{"line":176,"column":19}},"loc":{"start":{"line":176,"column":38},"end":{"line":180,"column":3}}},"12":{"name":"(anonymous_22)","decl":{"start":{"line":183,"column":2},"end":{"line":183,"column":20}},"loc":{"start":{"line":183,"column":39},"end":{"line":187,"column":3}}},"13":{"name":"(anonymous_23)","decl":{"start":{"line":190,"column":2},"end":{"line":190,"column":14}},"loc":{"start":{"line":190,"column":14},"end":{"line":192,"column":3}}},"14":{"name":"(anonymous_24)","decl":{"start":{"line":212,"column":2},"end":{"line":212,"column":7}},"loc":{"start":{"line":212,"column":12},"end":{"line":216,"column":3}}},"15":{"name":"(anonymous_25)","decl":{"start":{"line":219,"column":2},"end":{"line":219,"column":7}},"loc":{"start":{"line":219,"column":14},"end":{"line":223,"column":3}}},"16":{"name":"(anonymous_26)","decl":{"start":{"line":226,"column":2},"end":{"line":226,"column":7}},"loc":{"start":{"line":226,"column":17},"end":{"line":242,"column":3}}},"17":{"name":"(anonymous_27)","decl":{"start":{"line":233,"column":13},"end":{"line":233,"column":22}},"loc":{"start":{"line":233,"column":24},"end":{"line":236,"column":7}}},"18":{"name":"(anonymous_28)","decl":{"start":{"line":245,"column":2},"end":{"line":245,"column":7}},"loc":{"start":{"line":245,"column":18},"end":{"line":250,"column":3}}},"19":{"name":"(anonymous_29)","decl":{"start":{"line":253,"column":2},"end":{"line":253,"column":7}},"loc":{"start":{"line":253,"column":48},"end":{"line":261,"column":3}}},"20":{"name":"(anonymous_30)","decl":{"start":{"line":264,"column":2},"end":{"line":264,"column":7}},"loc":{"start":{"line":264,"column":17},"end":{"line":296,"column":3}}},"21":{"name":"(anonymous_31)","decl":{"start":{"line":280,"column":12},"end":{"line":280,"column":13}},"loc":{"start":{"line":280,"column":25},"end":{"line":288,"column":7}}},"22":{"name":"(anonymous_32)","decl":{"start":{"line":289,"column":13},"end":{"line":289,"column":16}},"loc":{"start":{"line":289,"column":18},"end":{"line":291,"column":7}}},"23":{"name":"(anonymous_33)","decl":{"start":{"line":302,"column":10},"end":{"line":302,"column":26}},"loc":{"start":{"line":302,"column":42},"end":{"line":319,"column":3}}},"24":{"name":"(anonymous_34)","decl":{"start":{"line":321,"column":2},"end":{"line":321,"column":27}},"loc":{"start":{"line":321,"column":43},"end":{"line":326,"column":3}}},"25":{"name":"(anonymous_35)","decl":{"start":{"line":323,"column":16},"end":{"line":323,"column":19}},"loc":{"start":{"line":323,"column":21},"end":{"line":325,"column":5}}},"26":{"name":"(anonymous_36)","decl":{"start":{"line":328,"column":2},"end":{"line":328,"column":7}},"loc":{"start":{"line":328,"column":25},"end":{"line":358,"column":3}}},"27":{"name":"(anonymous_37)","decl":{"start":{"line":333,"column":52},"end":{"line":333,"column":53}},"loc":{"start":{"line":333,"column":62},"end":{"line":335,"column":5}}},"28":{"name":"(anonymous_38)","decl":{"start":{"line":360,"column":2},"end":{"line":360,"column":18}},"loc":{"start":{"line":360,"column":18},"end":{"line":362,"column":3}}},"29":{"name":"(anonymous_39)","decl":{"start":{"line":370,"column":2},"end":{"line":370,"column":8}},"loc":{"start":{"line":370,"column":8},"end":{"line":427,"column":3}}},"30":{"name":"(anonymous_40)","decl":{"start":{"line":390,"column":23},"end":{"line":390,"column":26}},"loc":{"start":{"line":390,"column":29},"end":{"line":390,"column":40}}}},"branchMap":{"0":{"loc":{"start":{"line":74,"column":4},"end":{"line":80,"column":5}},"type":"if","locations":[{"start":{"line":74,"column":4},"end":{"line":80,"column":5}}]},"1":{"loc":{"start":{"line":74,"column":8},"end":{"line":74,"column":52}},"type":"binary-expr","locations":[{"start":{"line":74,"column":8},"end":{"line":74,"column":29}},{"start":{"line":74,"column":33},"end":{"line":74,"column":52}}]},"2":{"loc":{"start":{"line":85,"column":4},"end":{"line":87,"column":5}},"type":"if","locations":[{"start":{"line":85,"column":4},"end":{"line":87,"column":5}}]},"3":{"loc":{"start":{"line":85,"column":8},"end":{"line":85,"column":52}},"type":"binary-expr","locations":[{"start":{"line":85,"column":8},"end":{"line":85,"column":29}},{"start":{"line":85,"column":33},"end":{"line":85,"column":52}}]},"4":{"loc":{"start":{"line":92,"column":4},"end":{"line":94,"column":5}},"type":"if","locations":[{"start":{"line":92,"column":4},"end":{"line":94,"column":5}}]},"5":{"loc":{"start":{"line":92,"column":8},"end":{"line":92,"column":52}},"type":"binary-expr","locations":[{"start":{"line":92,"column":8},"end":{"line":92,"column":29}},{"start":{"line":92,"column":33},"end":{"line":92,"column":52}}]},"6":{"loc":{"start":{"line":99,"column":4},"end":{"line":101,"column":5}},"type":"if","locations":[{"start":{"line":99,"column":4},"end":{"line":101,"column":5}}]},"7":{"loc":{"start":{"line":99,"column":8},"end":{"line":99,"column":52}},"type":"binary-expr","locations":[{"start":{"line":99,"column":8},"end":{"line":99,"column":29}},{"start":{"line":99,"column":33},"end":{"line":99,"column":52}}]},"8":{"loc":{"start":{"line":158,"column":4},"end":{"line":165,"column":5}},"type":"if","locations":[{"start":{"line":158,"column":4},"end":{"line":165,"column":5}},{"start":{"line":161,"column":11},"end":{"line":165,"column":5}}]},"9":{"loc":{"start":{"line":161,"column":11},"end":{"line":165,"column":5}},"type":"if","locations":[{"start":{"line":161,"column":11},"end":{"line":165,"column":5}},{"start":{"line":163,"column":11},"end":{"line":165,"column":5}}]},"10":{"loc":{"start":{"line":171,"column":20},"end":{"line":171,"column":67}},"type":"cond-expr","locations":[{"start":{"line":171,"column":44},"end":{"line":171,"column":62}},{"start":{"line":171,"column":65},"end":{"line":171,"column":67}}]},"11":{"loc":{"start":{"line":177,"column":4},"end":{"line":179,"column":5}},"type":"if","locations":[{"start":{"line":177,"column":4},"end":{"line":179,"column":5}}]},"12":{"loc":{"start":{"line":184,"column":4},"end":{"line":186,"column":5}},"type":"if","locations":[{"start":{"line":184,"column":4},"end":{"line":186,"column":5}}]},"13":{"loc":{"start":{"line":238,"column":4},"end":{"line":241,"column":5}},"type":"if","locations":[{"start":{"line":238,"column":4},"end":{"line":241,"column":5}}]},"14":{"loc":{"start":{"line":269,"column":4},"end":{"line":272,"column":5}},"type":"if","locations":[{"start":{"line":269,"column":4},"end":{"line":272,"column":5}}]},"15":{"loc":{"start":{"line":270,"column":20},"end":{"line":270,"column":50}},"type":"cond-expr","locations":[{"start":{"line":270,"column":44},"end":{"line":270,"column":48}},{"start":{"line":270,"column":48},"end":{"line":270,"column":50}}]},"16":{"loc":{"start":{"line":270,"column":20},"end":{"line":270,"column":48}},"type":"binary-expr","locations":[{"start":{"line":270,"column":20},"end":{"line":270,"column":48}},{"start":{"line":270,"column":44},"end":{"line":270,"column":48}}]},"17":{"loc":{"start":{"line":274,"column":4},"end":{"line":276,"column":5}},"type":"if","locations":[{"start":{"line":274,"column":4},"end":{"line":276,"column":5}}]},"18":{"loc":{"start":{"line":281,"column":8},"end":{"line":283,"column":9}},"type":"if","locations":[{"start":{"line":281,"column":8},"end":{"line":283,"column":9}}]},"19":{"loc":{"start":{"line":284,"column":8},"end":{"line":287,"column":9}},"type":"if","locations":[{"start":{"line":284,"column":8},"end":{"line":287,"column":9}}]},"20":{"loc":{"start":{"line":303,"column":4},"end":{"line":305,"column":5}},"type":"if","locations":[{"start":{"line":303,"column":4},"end":{"line":305,"column":5}}]},"21":{"loc":{"start":{"line":309,"column":6},"end":{"line":312,"column":7}},"type":"if","locations":[{"start":{"line":309,"column":6},"end":{"line":312,"column":7}}]},"22":{"loc":{"start":{"line":309,"column":10},"end":{"line":309,"column":73}},"type":"binary-expr","locations":[{"start":{"line":309,"column":10},"end":{"line":309,"column":39}},{"start":{"line":309,"column":43},"end":{"line":309,"column":73}}]},"23":{"loc":{"start":{"line":331,"column":28},"end":{"line":331,"column":75}},"type":"cond-expr","locations":[{"start":{"line":331,"column":59},"end":{"line":331,"column":65}},{"start":{"line":331,"column":68},"end":{"line":331,"column":75}}]},"24":{"loc":{"start":{"line":334,"column":30},"end":{"line":334,"column":62}},"type":"cond-expr","locations":[{"start":{"line":334,"column":46},"end":{"line":334,"column":52}},{"start":{"line":334,"column":55},"end":{"line":334,"column":62}}]},"25":{"loc":{"start":{"line":341,"column":4},"end":{"line":345,"column":5}},"type":"if","locations":[{"start":{"line":341,"column":4},"end":{"line":345,"column":5}},{"start":{"line":343,"column":11},"end":{"line":345,"column":5}}]},"26":{"loc":{"start":{"line":347,"column":4},"end":{"line":351,"column":5}},"type":"if","locations":[{"start":{"line":347,"column":4},"end":{"line":351,"column":5}},{"start":{"line":349,"column":11},"end":{"line":351,"column":5}}]},"27":{"loc":{"start":{"line":374,"column":10},"end":{"line":376,"column":null}},"type":"cond-expr","locations":[{"start":{"line":375,"column":14},"end":{"line":375,"column":35}},{"start":{"line":376,"column":14},"end":{"line":376,"column":null}}]},"28":{"loc":{"start":{"line":377,"column":12},"end":{"line":377,"column":43}},"type":"cond-expr","locations":[{"start":{"line":377,"column":28},"end":{"line":377,"column":38}},{"start":{"line":377,"column":41},"end":{"line":377,"column":43}}]},"29":{"loc":{"start":{"line":379,"column":9},"end":{"line":392,"column":null}},"type":"cond-expr","locations":[{"start":{"line":380,"column":10},"end":{"line":380,"column":23}},{"start":{"line":381,"column":12},"end":{"line":392,"column":null}}]},"30":{"loc":{"start":{"line":381,"column":12},"end":{"line":392,"column":null}},"type":"cond-expr","locations":[{"start":{"line":382,"column":10},"end":{"line":382,"column":24}},{"start":{"line":384,"column":10},"end":{"line":391,"column":null}}]},"31":{"loc":{"start":{"line":384,"column":10},"end":{"line":391,"column":null}},"type":"binary-expr","locations":[{"start":{"line":384,"column":10},"end":{"line":384,"column":35}},{"start":{"line":385,"column":12},"end":{"line":390,"column":null}}]},"32":{"loc":{"start":{"line":394,"column":9},"end":{"line":423,"column":16}},"type":"cond-expr","locations":[{"start":{"line":395,"column":10},"end":{"line":400,"column":null}},{"start":{"line":402,"column":12},"end":{"line":423,"column":16}}]},"33":{"loc":{"start":{"line":402,"column":12},"end":{"line":423,"column":16}},"type":"cond-expr","locations":[{"start":{"line":403,"column":10},"end":{"line":413,"column":null}},{"start":{"line":415,"column":12},"end":{"line":423,"column":16}}]},"34":{"loc":{"start":{"line":415,"column":12},"end":{"line":423,"column":16}},"type":"cond-expr","locations":[{"start":{"line":416,"column":10},"end":{"line":421,"column":null}},{"start":{"line":423,"column":12},"end":{"line":423,"column":16}}]}},"s":{"0":1,"1":1,"2":1,"3":1,"4":1,"5":1,"6":1,"7":1,"8":1,"9":14,"10":14,"11":14,"12":14,"13":14,"14":14,"15":14,"16":14,"17":14,"18":14,"19":14,"20":14,"21":1,"22":1,"23":1,"24":1,"25":7,"26":1,"27":5,"28":4,"29":0,"30":0,"31":0,"32":0,"33":1,"34":1,"35":1,"36":1,"37":1,"38":1,"39":0,"40":0,"41":0,"42":5,"43":5,"44":0,"45":0,"46":0,"47":0,"48":0,"49":0,"50":4,"51":0,"52":0,"53":4,"54":2,"55":2,"56":3,"57":3,"58":3,"59":1,"60":1,"61":0,"62":0,"63":0,"64":4,"65":1,"66":1,"67":1,"68":2,"69":2,"70":2,"71":1,"72":1,"73":2,"74":1,"75":1,"76":1,"77":1,"78":1,"79":1,"80":0,"81":0,"82":0,"83":21,"84":21,"85":21,"86":21,"87":21,"88":21,"89":7,"90":21,"91":21,"92":2,"93":21,"94":19,"95":19,"96":19,"97":21,"98":21,"99":0,"100":0,"101":0,"102":0,"103":0,"104":0,"105":0,"106":14,"107":14,"108":0,"109":14,"110":14,"111":14,"112":0,"113":14,"114":14,"115":14,"116":14,"117":0,"118":14,"119":14,"120":0,"121":14,"122":14,"123":14,"124":14,"125":14,"126":14,"127":23,"128":0,"129":1},"f":{"0":14,"1":1,"2":5,"3":0,"4":0,"5":1,"6":0,"7":5,"8":0,"9":4,"10":3,"11":1,"12":0,"13":0,"14":4,"15":1,"16":2,"17":1,"18":1,"19":0,"20":21,"21":21,"22":19,"23":0,"24":14,"25":0,"26":14,"27":0,"28":14,"29":23,"30":0},"b":{"0":[1],"1":[1,1],"2":[4],"3":[5,5],"4":[0],"5":[0,0],"6":[0],"7":[0,0],"8":[0,4],"9":[2,2],"10":[3,0],"11":[1],"12":[0],"13":[1],"14":[21],"15":[0,21],"16":[21,0],"17":[7],"18":[2],"19":[19],"20":[0],"21":[0],"22":[0,0],"23":[0,14],"24":[0,0],"25":[0,14],"26":[0,14],"27":[23,0],"28":[0,23],"29":[0,23],"30":[10,13],"31":[13,13],"32":[2,21],"33":[2,19],"34":[2,17]}}
,"/Users/daniel.nogueira/Documents/repo/ezeep-js/src/components/ezp-status/ezp-status.tsx": {"path":"/Users/daniel.nogueira/Documents/repo/ezeep-js/src/components/ezp-status/ezp-status.tsx","statementMap":{"0":{"start":{"line":1,"column":0},"end":{"line":1,"column":77}},"1":{"start":{"line":3,"column":0},"end":{"line":3,"column":29}},"2":{"start":{"line":17,"column":10},"end":{"line":17,"column":null}},"3":{"start":{"line":18,"column":10},"end":{"line":18,"column":null}},"4":{"start":{"line":41,"column":10},"end":{"line":43,"column":null}},"5":{"start":{"line":42,"column":4},"end":{"line":42,"column":null}},"6":{"start":{"line":45,"column":10},"end":{"line":47,"column":null}},"7":{"start":{"line":46,"column":4},"end":{"line":46,"column":null}},"8":{"start":{"line":49,"column":10},"end":{"line":51,"column":null}},"9":{"start":{"line":50,"column":4},"end":{"line":50,"column":null}},"10":{"start":{"line":68,"column":4},"end":{"line":118,"column":null}},"11":{"start":{"line":5,"column":0},"end":{"line":5,"column":null}}},"fnMap":{"0":{"name":"(anonymous_1)","decl":{"start":{"line":5,"column":0},"end":{"line":5,"column":null}},"loc":{"start":{"line":5,"column":0},"end":{"line":120,"column":null}}},"1":{"name":"(anonymous_2)","decl":{"start":{"line":41,"column":25},"end":{"line":41,"column":28}},"loc":{"start":{"line":41,"column":30},"end":{"line":43,"column":3}}},"2":{"name":"(anonymous_3)","decl":{"start":{"line":45,"column":24},"end":{"line":45,"column":27}},"loc":{"start":{"line":45,"column":29},"end":{"line":47,"column":3}}},"3":{"name":"(anonymous_4)","decl":{"start":{"line":49,"column":24},"end":{"line":49,"column":27}},"loc":{"start":{"line":49,"column":29},"end":{"line":51,"column":3}}},"4":{"name":"(anonymous_5)","decl":{"start":{"line":59,"column":2},"end":{"line":59,"column":19}},"loc":{"start":{"line":59,"column":19},"end":{"line":59,"column":24}}},"5":{"name":"(anonymous_6)","decl":{"start":{"line":67,"column":2},"end":{"line":67,"column":8}},"loc":{"start":{"line":67,"column":8},"end":{"line":119,"column":3}}}},"branchMap":{"0":{"loc":{"start":{"line":71,"column":11},"end":{"line":78,"column":18}},"type":"cond-expr","locations":[{"start":{"line":72,"column":12},"end":{"line":74,"column":null}},{"start":{"line":76,"column":14},"end":{"line":78,"column":18}}]},"1":{"loc":{"start":{"line":76,"column":14},"end":{"line":78,"column":18}},"type":"cond-expr","locations":[{"start":{"line":77,"column":12},"end":{"line":77,"column":48}},{"start":{"line":78,"column":14},"end":{"line":78,"column":18}}]},"2":{"loc":{"start":{"line":80,"column":11},"end":{"line":114,"column":null}},"type":"binary-expr","locations":[{"start":{"line":80,"column":12},"end":{"line":80,"column":23}},{"start":{"line":80,"column":27},"end":{"line":80,"column":37}},{"start":{"line":80,"column":41},"end":{"line":80,"column":51}},{"start":{"line":81,"column":12},"end":{"line":113,"column":null}}]},"3":{"loc":{"start":{"line":82,"column":15},"end":{"line":92,"column":null}},"type":"binary-expr","locations":[{"start":{"line":82,"column":15},"end":{"line":82,"column":26}},{"start":{"line":83,"column":16},"end":{"line":90,"column":null}}]},"4":{"loc":{"start":{"line":88,"column":20},"end":{"line":90,"column":58}},"type":"cond-expr","locations":[{"start":{"line":89,"column":24},"end":{"line":89,"column":35}},{"start":{"line":90,"column":24},"end":{"line":90,"column":58}}]},"5":{"loc":{"start":{"line":94,"column":15},"end":{"line":102,"column":null}},"type":"binary-expr","locations":[{"start":{"line":94,"column":15},"end":{"line":94,"column":25}},{"start":{"line":95,"column":16},"end":{"line":100,"column":null}}]},"6":{"loc":{"start":{"line":96,"column":25},"end":{"line":96,"column":61}},"type":"cond-expr","locations":[{"start":{"line":96,"column":38},"end":{"line":96,"column":49}},{"start":{"line":96,"column":52},"end":{"line":96,"column":61}}]},"7":{"loc":{"start":{"line":100,"column":20},"end":{"line":100,"column":99}},"type":"cond-expr","locations":[{"start":{"line":100,"column":53},"end":{"line":100,"column":63}},{"start":{"line":100,"column":66},"end":{"line":100,"column":99}}]},"8":{"loc":{"start":{"line":104,"column":15},"end":{"line":112,"column":null}},"type":"binary-expr","locations":[{"start":{"line":104,"column":15},"end":{"line":104,"column":25}},{"start":{"line":105,"column":16},"end":{"line":110,"column":null}}]},"9":{"loc":{"start":{"line":110,"column":20},"end":{"line":110,"column":99}},"type":"cond-expr","locations":[{"start":{"line":110,"column":53},"end":{"line":110,"column":63}},{"start":{"line":110,"column":66},"end":{"line":110,"column":99}}]}},"s":{"0":1,"1":1,"2":4,"3":4,"4":4,"5":0,"6":4,"7":1,"8":4,"9":0,"10":4,"11":1},"f":{"0":4,"1":0,"2":1,"3":0,"4":4,"5":4},"b":{"0":[1,3],"1":[0,3],"2":[4,3,3,1],"3":[1,1],"4":[1,0],"5":[1,1],"6":[1,0],"7":[1,0],"8":[1,1],"9":[1,0]}}
,"/Users/daniel.nogueira/Documents/repo/ezeep-js/src/components/ezp-stepper/ezp-stepper.tsx": {"path":"/Users/daniel.nogueira/Documents/repo/ezeep-js/src/components/ezp-stepper/ezp-stepper.tsx","statementMap":{"0":{"start":{"line":1,"column":0},"end":{"line":1,"column":91}},"1":{"start":{"line":36,"column":10},"end":{"line":36,"column":null}},"2":{"start":{"line":42,"column":10},"end":{"line":42,"column":null}},"3":{"start":{"line":51,"column":11},"end":{"line":51,"column":null}},"4":{"start":{"line":54,"column":11},"end":{"line":54,"column":null}},"5":{"start":{"line":57,"column":11},"end":{"line":57,"column":null}},"6":{"start":{"line":60,"column":11},"end":{"line":60,"column":null}},"7":{"start":{"line":90,"column":10},"end":{"line":96,"column":null}},"8":{"start":{"line":91,"column":21},"end":{"line":91,"column":35}},"9":{"start":{"line":93,"column":4},"end":{"line":95,"column":5}},"10":{"start":{"line":94,"column":6},"end":{"line":94,"column":null}},"11":{"start":{"line":98,"column":10},"end":{"line":105,"column":null}},"12":{"start":{"line":99,"column":21},"end":{"line":99,"column":35}},"13":{"start":{"line":100,"column":25},"end":{"line":100,"column":119}},"14":{"start":{"line":102,"column":4},"end":{"line":104,"column":5}},"15":{"start":{"line":103,"column":6},"end":{"line":103,"column":null}},"16":{"start":{"line":107,"column":10},"end":{"line":147,"column":null}},"17":{"start":{"line":108,"column":4},"end":{"line":108,"column":27}},"18":{"start":{"line":108,"column":21},"end":{"line":108,"column":27}},"19":{"start":{"line":110,"column":24},"end":{"line":110,"column":47}},"20":{"start":{"line":113,"column":4},"end":{"line":117,"column":5}},"21":{"start":{"line":114,"column":6},"end":{"line":114,"column":null}},"22":{"start":{"line":115,"column":6},"end":{"line":115,"column":null}},"23":{"start":{"line":116,"column":6},"end":{"line":116,"column":12}},"24":{"start":{"line":120,"column":25},"end":{"line":120,"column":55}},"25":{"start":{"line":123,"column":4},"end":{"line":126,"column":5}},"26":{"start":{"line":124,"column":6},"end":{"line":124,"column":null}},"27":{"start":{"line":125,"column":6},"end":{"line":125,"column":12}},"28":{"start":{"line":129,"column":22},"end":{"line":129,"column":63}},"29":{"start":{"line":130,"column":27},"end":{"line":130,"column":59}},"30":{"start":{"line":132,"column":21},"end":{"line":132,"column":43}},"31":{"start":{"line":135,"column":4},"end":{"line":137,"column":5}},"32":{"start":{"line":136,"column":6},"end":{"line":136,"column":null}},"33":{"start":{"line":140,"column":4},"end":{"line":140,"column":null}},"34":{"start":{"line":140,"column":57},"end":{"line":140,"column":null}},"35":{"start":{"line":141,"column":25},"end":{"line":141,"column":119}},"36":{"start":{"line":142,"column":4},"end":{"line":142,"column":null}},"37":{"start":{"line":142,"column":35},"end":{"line":142,"column":null}},"38":{"start":{"line":145,"column":4},"end":{"line":145,"column":null}},"39":{"start":{"line":146,"column":4},"end":{"line":146,"column":null}},"40":{"start":{"line":149,"column":10},"end":{"line":151,"column":null}},"41":{"start":{"line":150,"column":4},"end":{"line":150,"column":null}},"42":{"start":{"line":153,"column":10},"end":{"line":155,"column":null}},"43":{"start":{"line":154,"column":4},"end":{"line":154,"column":null}},"44":{"start":{"line":157,"column":10},"end":{"line":159,"column":null}},"45":{"start":{"line":158,"column":4},"end":{"line":158,"column":null}},"46":{"start":{"line":160,"column":10},"end":{"line":174,"column":null}},"47":{"start":{"line":162,"column":4},"end":{"line":167,"column":5}},"48":{"start":{"line":166,"column":6},"end":{"line":166,"column":12}},"49":{"start":{"line":170,"column":20},"end":{"line":170,"column":42}},"50":{"start":{"line":171,"column":4},"end":{"line":173,"column":5}},"51":{"start":{"line":172,"column":6},"end":{"line":172,"column":null}},"52":{"start":{"line":78,"column":25},"end":{"line":78,"column":119}},"53":{"start":{"line":79,"column":4},"end":{"line":79,"column":null}},"54":{"start":{"line":80,"column":4},"end":{"line":80,"column":null}},"55":{"start":{"line":81,"column":4},"end":{"line":81,"column":null}},"56":{"start":{"line":185,"column":4},"end":{"line":187,"column":5}},"57":{"start":{"line":186,"column":6},"end":{"line":186,"column":null}},"58":{"start":{"line":188,"column":4},"end":{"line":188,"column":null}},"59":{"start":{"line":198,"column":4},"end":{"line":224,"column":null}},"60":{"start":{"line":206,"column":27},"end":{"line":206,"column":45}},"61":{"start":{"line":4,"column":0},"end":{"line":4,"column":null}},"62":{"start":{"line":12,"column":26},"end":{"line":12,"column":41}},"63":{"start":{"line":24,"column":26},"end":{"line":24,"column":42}}},"fnMap":{"0":{"name":"(anonymous_0)","decl":{"start":{"line":4,"column":0},"end":{"line":4,"column":null}},"loc":{"start":{"line":4,"column":0},"end":{"line":226,"column":null}}},"1":{"name":"(anonymous_1)","decl":{"start":{"line":90,"column":27},"end":{"line":90,"column":30}},"loc":{"start":{"line":90,"column":32},"end":{"line":96,"column":3}}},"2":{"name":"(anonymous_2)","decl":{"start":{"line":98,"column":27},"end":{"line":98,"column":30}},"loc":{"start":{"line":98,"column":32},"end":{"line":105,"column":3}}},"3":{"name":"(anonymous_3)","decl":{"start":{"line":107,"column":24},"end":{"line":107,"column":27}},"loc":{"start":{"line":107,"column":29},"end":{"line":147,"column":3}}},"4":{"name":"(anonymous_4)","decl":{"start":{"line":149,"column":21},"end":{"line":149,"column":24}},"loc":{"start":{"line":149,"column":26},"end":{"line":151,"column":3}}},"5":{"name":"(anonymous_5)","decl":{"start":{"line":153,"column":23},"end":{"line":153,"column":26}},"loc":{"start":{"line":153,"column":28},"end":{"line":155,"column":3}}},"6":{"name":"(anonymous_6)","decl":{"start":{"line":157,"column":24},"end":{"line":157,"column":27}},"loc":{"start":{"line":157,"column":29},"end":{"line":159,"column":3}}},"7":{"name":"(anonymous_7)","decl":{"start":{"line":160,"column":26},"end":{"line":160,"column":27}},"loc":{"start":{"line":160,"column":51},"end":{"line":174,"column":3}}},"8":{"name":"(anonymous_8)","decl":{"start":{"line":77,"column":2},"end":{"line":77,"column":12}},"loc":{"start":{"line":77,"column":12},"end":{"line":82,"column":3}}},"9":{"name":"(anonymous_9)","decl":{"start":{"line":182,"column":2},"end":{"line":182,"column":19}},"loc":{"start":{"line":182,"column":19},"end":{"line":189,"column":3}}},"10":{"name":"(anonymous_10)","decl":{"start":{"line":197,"column":2},"end":{"line":197,"column":8}},"loc":{"start":{"line":197,"column":8},"end":{"line":225,"column":3}}},"11":{"name":"(anonymous_11)","decl":{"start":{"line":206,"column":15},"end":{"line":206,"column":16}},"loc":{"start":{"line":206,"column":27},"end":{"line":206,"column":45}}}},"branchMap":{"0":{"loc":{"start":{"line":93,"column":4},"end":{"line":95,"column":5}},"type":"if","locations":[{"start":{"line":93,"column":4},"end":{"line":95,"column":5}}]},"1":{"loc":{"start":{"line":93,"column":8},"end":{"line":93,"column":95}},"type":"binary-expr","locations":[{"start":{"line":93,"column":8},"end":{"line":93,"column":43}},{"start":{"line":93,"column":48},"end":{"line":93,"column":70}},{"start":{"line":93,"column":74},"end":{"line":93,"column":94}}]},"2":{"loc":{"start":{"line":100,"column":25},"end":{"line":100,"column":119}},"type":"cond-expr","locations":[{"start":{"line":100,"column":50},"end":{"line":100,"column":93}},{"start":{"line":100,"column":96},"end":{"line":100,"column":119}}]},"3":{"loc":{"start":{"line":102,"column":4},"end":{"line":104,"column":5}},"type":"if","locations":[{"start":{"line":102,"column":4},"end":{"line":104,"column":5}}]},"4":{"loc":{"start":{"line":102,"column":8},"end":{"line":102,"column":71}},"type":"binary-expr","locations":[{"start":{"line":102,"column":8},"end":{"line":102,"column":43}},{"start":{"line":102,"column":47},"end":{"line":102,"column":71}}]},"5":{"loc":{"start":{"line":108,"column":4},"end":{"line":108,"column":27}},"type":"if","locations":[{"start":{"line":108,"column":4},"end":{"line":108,"column":27}}]},"6":{"loc":{"start":{"line":113,"column":4},"end":{"line":117,"column":5}},"type":"if","locations":[{"start":{"line":113,"column":4},"end":{"line":117,"column":5}}]},"7":{"loc":{"start":{"line":123,"column":4},"end":{"line":126,"column":5}},"type":"if","locations":[{"start":{"line":123,"column":4},"end":{"line":126,"column":5}}]},"8":{"loc":{"start":{"line":135,"column":4},"end":{"line":137,"column":5}},"type":"if","locations":[{"start":{"line":135,"column":4},"end":{"line":137,"column":5}}]},"9":{"loc":{"start":{"line":140,"column":4},"end":{"line":140,"column":null}},"type":"if","locations":[{"start":{"line":140,"column":4},"end":{"line":140,"column":null}}]},"10":{"loc":{"start":{"line":140,"column":8},"end":{"line":140,"column":55}},"type":"binary-expr","locations":[{"start":{"line":140,"column":8},"end":{"line":140,"column":30}},{"start":{"line":140,"column":34},"end":{"line":140,"column":55}}]},"11":{"loc":{"start":{"line":141,"column":25},"end":{"line":141,"column":119}},"type":"cond-expr","locations":[{"start":{"line":141,"column":50},"end":{"line":141,"column":93}},{"start":{"line":141,"column":96},"end":{"line":141,"column":119}}]},"12":{"loc":{"start":{"line":142,"column":4},"end":{"line":142,"column":null}},"type":"if","locations":[{"start":{"line":142,"column":4},"end":{"line":142,"column":null}}]},"13":{"loc":{"start":{"line":150,"column":4},"end":{"line":150,"column":23}},"type":"cond-expr","locations":[{"start":{"line":150,"column":14},"end":{"line":150,"column":16}},{"start":{"line":150,"column":14},"end":{"line":150,"column":23}}]},"14":{"loc":{"start":{"line":150,"column":4},"end":{"line":150,"column":16}},"type":"binary-expr","locations":[{"start":{"line":150,"column":4},"end":{"line":150,"column":16}},{"start":{"line":150,"column":14},"end":{"line":150,"column":16}}]},"15":{"loc":{"start":{"line":162,"column":4},"end":{"line":167,"column":5}},"type":"if","locations":[{"start":{"line":162,"column":4},"end":{"line":167,"column":5}}]},"16":{"loc":{"start":{"line":163,"column":6},"end":{"line":164,"column":102}},"type":"binary-expr","locations":[{"start":{"line":163,"column":6},"end":{"line":163,"column":49}},{"start":{"line":164,"column":8},"end":{"line":164,"column":21}},{"start":{"line":164,"column":25},"end":{"line":164,"column":38}},{"start":{"line":164,"column":43},"end":{"line":164,"column":101}}]},"17":{"loc":{"start":{"line":171,"column":4},"end":{"line":173,"column":5}},"type":"if","locations":[{"start":{"line":171,"column":4},"end":{"line":173,"column":5}}]},"18":{"loc":{"start":{"line":78,"column":25},"end":{"line":78,"column":119}},"type":"cond-expr","locations":[{"start":{"line":78,"column":50},"end":{"line":78,"column":93}},{"start":{"line":78,"column":96},"end":{"line":78,"column":119}}]},"19":{"loc":{"start":{"line":80,"column":23},"end":{"line":80,"column":76}},"type":"cond-expr","locations":[{"start":{"line":80,"column":48},"end":{"line":80,"column":69}},{"start":{"line":80,"column":72},"end":{"line":80,"column":76}}]},"20":{"loc":{"start":{"line":185,"column":4},"end":{"line":187,"column":5}},"type":"if","locations":[{"start":{"line":185,"column":4},"end":{"line":187,"column":5}}]},"21":{"loc":{"start":{"line":185,"column":8},"end":{"line":185,"column":55}},"type":"binary-expr","locations":[{"start":{"line":185,"column":8},"end":{"line":185,"column":30}},{"start":{"line":185,"column":34},"end":{"line":185,"column":55}}]},"22":{"loc":{"start":{"line":199,"column":22},"end":{"line":199,"column":51}},"type":"cond-expr","locations":[{"start":{"line":199,"column":37},"end":{"line":199,"column":46}},{"start":{"line":199,"column":49},"end":{"line":199,"column":51}}]},"23":{"loc":{"start":{"line":199,"column":55},"end":{"line":199,"column":82}},"type":"cond-expr","locations":[{"start":{"line":199,"column":67},"end":{"line":199,"column":77}},{"start":{"line":199,"column":80},"end":{"line":199,"column":82}}]},"24":{"loc":{"start":{"line":201,"column":9},"end":{"line":201,"column":67}},"type":"cond-expr","locations":[{"start":{"line":201,"column":21},"end":{"line":201,"column":60}},{"start":{"line":201,"column":63},"end":{"line":201,"column":67}}]},"25":{"loc":{"start":{"line":208,"column":15},"end":{"line":208,"column":71}},"type":"cond-expr","locations":[{"start":{"line":208,"column":40},"end":{"line":208,"column":59}},{"start":{"line":208,"column":62},"end":{"line":208,"column":71}}]}},"s":{"0":1,"1":9,"2":9,"3":9,"4":9,"5":9,"6":9,"7":9,"8":3,"9":3,"10":2,"11":9,"12":7,"13":7,"14":7,"15":6,"16":9,"17":4,"18":0,"19":4,"20":4,"21":1,"22":1,"23":1,"24":3,"25":3,"26":1,"27":1,"28":2,"29":2,"30":2,"31":2,"32":0,"33":2,"34":0,"35":2,"36":2,"37":1,"38":2,"39":2,"40":9,"41":0,"42":9,"43":0,"44":9,"45":0,"46":9,"47":0,"48":0,"49":0,"50":0,"51":0,"52":21,"53":21,"54":21,"55":21,"56":9,"57":2,"58":9,"59":26,"60":26,"61":1,"62":1,"63":1},"f":{"0":9,"1":3,"2":7,"3":4,"4":0,"5":0,"6":0,"7":0,"8":21,"9":9,"10":26,"11":26},"b":{"0":[2],"1":[3,3,3],"2":[7,0],"3":[6],"4":[7,7],"5":[0],"6":[1],"7":[1],"8":[0],"9":[0],"10":[2,2],"11":[2,0],"12":[1],"13":[0,0],"14":[0,0],"15":[0],"16":[0,0,0,0],"17":[0],"18":[21,0],"19":[21,0],"20":[2],"21":[9,9],"22":[0,26],"23":[0,26],"24":[0,26],"25":[26,0]}}
,"/Users/daniel.nogueira/Documents/repo/ezeep-js/src/services/auth.ts": {"path":"/Users/daniel.nogueira/Documents/repo/ezeep-js/src/services/auth.ts","statementMap":{"0":{"start":{"line":162,"column":0},"end":{"line":162,"column":16}},"1":{"start":{"line":1,"column":0},"end":{"line":1,"column":44}},"2":{"start":{"line":2,"column":0},"end":{"line":2,"column":47}},"3":{"start":{"line":3,"column":0},"end":{"line":3,"column":43}},"4":{"start":{"line":7,"column":15},"end":{"line":7,"column":17}},"5":{"start":{"line":10,"column":2},"end":{"line":12,"column":3}},"6":{"start":{"line":10,"column":15},"end":{"line":10,"column":16}},"7":{"start":{"line":11,"column":4},"end":{"line":11,"column":null}},"8":{"start":{"line":13,"column":2},"end":{"line":13,"column":null}},"9":{"start":{"line":33,"column":2},"end":{"line":33,"column":null}},"10":{"start":{"line":34,"column":2},"end":{"line":34,"column":null}},"11":{"start":{"line":18,"column":4},"end":{"line":18,"column":null}},"12":{"start":{"line":19,"column":4},"end":{"line":19,"column":null}},"13":{"start":{"line":22,"column":4},"end":{"line":22,"column":null}},"14":{"start":{"line":24,"column":4},"end":{"line":24,"column":null}},"15":{"start":{"line":25,"column":4},"end":{"line":25,"column":null}},"16":{"start":{"line":26,"column":4},"end":{"line":26,"column":null}},"17":{"start":{"line":42,"column":4},"end":{"line":50,"column":5}},"18":{"start":{"line":43,"column":6},"end":{"line":43,"column":null}},"19":{"start":{"line":47,"column":26},"end":{"line":47,"column":68}},"20":{"start":{"line":48,"column":6},"end":{"line":48,"column":null}},"21":{"start":{"line":49,"column":6},"end":{"line":49,"column":null}},"22":{"start":{"line":54,"column":21},"end":{"line":54,"column":59}},"23":{"start":{"line":55,"column":19},"end":{"line":55,"column":66}},"24":{"start":{"line":56,"column":4},"end":{"line":56,"column":null}},"25":{"start":{"line":60,"column":4},"end":{"line":60,"column":null}},"26":{"start":{"line":61,"column":4},"end":{"line":61,"column":null}},"27":{"start":{"line":62,"column":4},"end":{"line":62,"column":null}},"28":{"start":{"line":63,"column":4},"end":{"line":63,"column":null}},"29":{"start":{"line":64,"column":4},"end":{"line":64,"column":null}},"30":{"start":{"line":65,"column":4},"end":{"line":65,"column":null}},"31":{"start":{"line":66,"column":4},"end":{"line":66,"column":null}},"32":{"start":{"line":71,"column":4},"end":{"line":74,"column":null}},"33":{"start":{"line":79,"column":4},"end":{"line":79,"column":null}},"34":{"start":{"line":80,"column":4},"end":{"line":80,"column":null}},"35":{"start":{"line":81,"column":4},"end":{"line":81,"column":null}},"36":{"start":{"line":83,"column":4},"end":{"line":83,"column":null}},"37":{"start":{"line":84,"column":4},"end":{"line":84,"column":null}},"38":{"start":{"line":85,"column":4},"end":{"line":85,"column":null}},"39":{"start":{"line":87,"column":4},"end":{"line":87,"column":null}},"40":{"start":{"line":88,"column":4},"end":{"line":88,"column":null}},"41":{"start":{"line":89,"column":4},"end":{"line":89,"column":null}},"42":{"start":{"line":93,"column":4},"end":{"line":110,"column":null}},"43":{"start":{"line":105,"column":26},"end":{"line":105,"column":41}},"44":{"start":{"line":107,"column":8},"end":{"line":109,"column":9}},"45":{"start":{"line":108,"column":10},"end":{"line":108,"column":null}},"46":{"start":{"line":114,"column":4},"end":{"line":129,"column":null}},"47":{"start":{"line":124,"column":26},"end":{"line":124,"column":41}},"48":{"start":{"line":126,"column":8},"end":{"line":128,"column":9}},"49":{"start":{"line":127,"column":10},"end":{"line":127,"column":null}},"50":{"start":{"line":133,"column":4},"end":{"line":143,"column":null}},"51":{"start":{"line":134,"column":6},"end":{"line":143,"column":null}},"52":{"start":{"line":16,"column":0},"end":{"line":16,"column":13}},"53":{"start":{"line":147,"column":18},"end":{"line":158,"column":2}},"54":{"start":{"line":160,"column":0},"end":{"line":160,"column":null}},"55":{"start":{"line":164,"column":17},"end":{"line":164,"column":60}},"56":{"start":{"line":165,"column":15},"end":{"line":165,"column":33}},"57":{"start":{"line":166,"column":2},"end":{"line":172,"column":3}},"58":{"start":{"line":167,"column":4},"end":{"line":171,"column":5}},"59":{"start":{"line":169,"column":6},"end":{"line":169,"column":null}},"60":{"start":{"line":170,"column":6},"end":{"line":170,"column":null}}},"fnMap":{"0":{"name":"base64UrlEncode","decl":{"start":{"line":6,"column":9},"end":{"line":6,"column":24}},"loc":{"start":{"line":6,"column":42},"end":{"line":14,"column":1}}},"1":{"name":"(anonymous_1)","decl":{"start":{"line":17,"column":2},"end":{"line":17,"column":14}},"loc":{"start":{"line":17,"column":51},"end":{"line":27,"column":3}}},"2":{"name":"(anonymous_2)","decl":{"start":{"line":41,"column":2},"end":{"line":41,"column":22}},"loc":{"start":{"line":41,"column":22},"end":{"line":51,"column":3}}},"3":{"name":"(anonymous_3)","decl":{"start":{"line":53,"column":2},"end":{"line":53,"column":7}},"loc":{"start":{"line":53,"column":50},"end":{"line":57,"column":3}}},"4":{"name":"(anonymous_4)","decl":{"start":{"line":59,"column":2},"end":{"line":59,"column":14}},"loc":{"start":{"line":59,"column":14},"end":{"line":67,"column":3}}},"5":{"name":"(anonymous_5)","decl":{"start":{"line":70,"column":10},"end":{"line":70,"column":22}},"loc":{"start":{"line":70,"column":22},"end":{"line":75,"column":3}}},"6":{"name":"(anonymous_6)","decl":{"start":{"line":78,"column":10},"end":{"line":78,"column":23}},"loc":{"start":{"line":78,"column":65},"end":{"line":90,"column":3}}},"7":{"name":"(anonymous_7)","decl":{"start":{"line":92,"column":2},"end":{"line":92,"column":16}},"loc":{"start":{"line":92,"column":16},"end":{"line":111,"column":3}}},"8":{"name":"(anonymous_8)","decl":{"start":{"line":105,"column":12},"end":{"line":105,"column":13}},"loc":{"start":{"line":105,"column":26},"end":{"line":105,"column":41}}},"9":{"name":"(anonymous_9)","decl":{"start":{"line":106,"column":12},"end":{"line":106,"column":13}},"loc":{"start":{"line":106,"column":21},"end":{"line":110,"column":7}}},"10":{"name":"(anonymous_10)","decl":{"start":{"line":113,"column":2},"end":{"line":113,"column":15}},"loc":{"start":{"line":113,"column":15},"end":{"line":130,"column":3}}},"11":{"name":"(anonymous_11)","decl":{"start":{"line":124,"column":12},"end":{"line":124,"column":13}},"loc":{"start":{"line":124,"column":26},"end":{"line":124,"column":41}}},"12":{"name":"(anonymous_12)","decl":{"start":{"line":125,"column":12},"end":{"line":125,"column":13}},"loc":{"start":{"line":125,"column":21},"end":{"line":129,"column":7}}},"13":{"name":"(anonymous_13)","decl":{"start":{"line":132,"column":2},"end":{"line":132,"column":20}},"loc":{"start":{"line":132,"column":20},"end":{"line":144,"column":3}}},"14":{"name":"(anonymous_14)","decl":{"start":{"line":141,"column":15},"end":{"line":141,"column":18}},"loc":{"start":{"line":141,"column":20},"end":{"line":143,"column":7}}},"15":{"name":"sendCodeToParentWindow","decl":{"start":{"line":162,"column":16},"end":{"line":162,"column":38}},"loc":{"start":{"line":162,"column":38},"end":{"line":173,"column":1}}}},"branchMap":{"0":{"loc":{"start":{"line":42,"column":4},"end":{"line":50,"column":5}},"type":"if","locations":[{"start":{"line":42,"column":4},"end":{"line":50,"column":5}},{"start":{"line":44,"column":11},"end":{"line":50,"column":5}}]},"1":{"loc":{"start":{"line":107,"column":8},"end":{"line":109,"column":9}},"type":"if","locations":[{"start":{"line":107,"column":8},"end":{"line":109,"column":9}}]},"2":{"loc":{"start":{"line":126,"column":8},"end":{"line":128,"column":9}},"type":"if","locations":[{"start":{"line":126,"column":8},"end":{"line":128,"column":9}}]},"3":{"loc":{"start":{"line":133,"column":4},"end":{"line":143,"column":null}},"type":"if","locations":[{"start":{"line":133,"column":4},"end":{"line":143,"column":null}}]},"4":{"loc":{"start":{"line":166,"column":2},"end":{"line":172,"column":3}},"type":"if","locations":[{"start":{"line":166,"column":2},"end":{"line":172,"column":3}}]},"5":{"loc":{"start":{"line":167,"column":4},"end":{"line":171,"column":5}},"type":"if","locations":[{"start":{"line":167,"column":4},"end":{"line":171,"column":5}}]}},"s":{"0":4,"1":4,"2":4,"3":4,"4":10,"5":10,"6":10,"7":480,"8":10,"9":42,"10":42,"11":42,"12":42,"13":42,"14":42,"15":42,"16":42,"17":6,"18":1,"19":5,"20":5,"21":5,"22":5,"23":5,"24":5,"25":2,"26":2,"27":2,"28":2,"29":2,"30":2,"31":2,"32":6,"33":3,"34":3,"35":3,"36":3,"37":3,"38":3,"39":3,"40":3,"41":3,"42":1,"43":1,"44":1,"45":1,"46":3,"47":3,"48":3,"49":2,"50":3,"51":2,"52":4,"53":4,"54":4,"55":16,"56":16,"57":16,"58":1,"59":1,"60":1},"f":{"0":10,"1":42,"2":6,"3":5,"4":2,"5":6,"6":3,"7":1,"8":1,"9":1,"10":3,"11":3,"12":3,"13":3,"14":0,"15":16},"b":{"0":[1,5],"1":[1],"2":[2],"3":[2],"4":[1],"5":[1]}}
,"/Users/daniel.nogueira/Documents/repo/ezeep-js/src/services/http.ts": {"path":"/Users/daniel.nogueira/Documents/repo/ezeep-js/src/services/http.ts","statementMap":{"0":{"start":{"line":4,"column":0},"end":{"line":4,"column":16}},"1":{"start":{"line":15,"column":0},"end":{"line":15,"column":7}},"2":{"start":{"line":34,"column":0},"end":{"line":34,"column":7}},"3":{"start":{"line":1,"column":0},"end":{"line":1,"column":59}},"4":{"start":{"line":5,"column":2},"end":{"line":5,"column":null}},"5":{"start":{"line":13,"column":39},"end":{"line":13,"column":43}},"6":{"start":{"line":16,"column":2},"end":{"line":18,"column":3}},"7":{"start":{"line":17,"column":4},"end":{"line":17,"column":null}},"8":{"start":{"line":19,"column":2},"end":{"line":24,"column":3}},"9":{"start":{"line":20,"column":17},"end":{"line":20,"column":99}},"10":{"start":{"line":21,"column":4},"end":{"line":23,"column":null}},"11":{"start":{"line":22,"column":6},"end":{"line":22,"column":null}},"12":{"start":{"line":25,"column":2},"end":{"line":25,"column":null}},"13":{"start":{"line":26,"column":2},"end":{"line":26,"column":null}},"14":{"start":{"line":35,"column":12},"end":{"line":35,"column":77}},"15":{"start":{"line":37,"column":2},"end":{"line":42,"column":3}},"16":{"start":{"line":38,"column":23},"end":{"line":38,"column":49}},"17":{"start":{"line":39,"column":4},"end":{"line":41,"column":5}},"18":{"start":{"line":40,"column":6},"end":{"line":40,"column":null}},"19":{"start":{"line":44,"column":2},"end":{"line":44,"column":null}}},"fnMap":{"0":{"name":"bearer","decl":{"start":{"line":4,"column":16},"end":{"line":4,"column":22}},"loc":{"start":{"line":4,"column":42},"end":{"line":6,"column":1}}},"1":{"name":"refreshAccessToken","decl":{"start":{"line":15,"column":22},"end":{"line":15,"column":40}},"loc":{"start":{"line":15,"column":40},"end":{"line":27,"column":1}}},"2":{"name":"(anonymous_11)","decl":{"start":{"line":21,"column":63},"end":{"line":21,"column":66}},"loc":{"start":{"line":21,"column":68},"end":{"line":23,"column":5}}},"3":{"name":"authGetJson","decl":{"start":{"line":34,"column":22},"end":{"line":34,"column":33}},"loc":{"start":{"line":34,"column":75},"end":{"line":45,"column":1}}}},"branchMap":{"0":{"loc":{"start":{"line":16,"column":2},"end":{"line":18,"column":3}},"type":"if","locations":[{"start":{"line":16,"column":2},"end":{"line":18,"column":3}}]},"1":{"loc":{"start":{"line":16,"column":6},"end":{"line":16,"column":64}},"type":"binary-expr","locations":[{"start":{"line":16,"column":6},"end":{"line":16,"column":35}},{"start":{"line":16,"column":39},"end":{"line":16,"column":64}}]},"2":{"loc":{"start":{"line":19,"column":2},"end":{"line":24,"column":3}},"type":"if","locations":[{"start":{"line":19,"column":2},"end":{"line":24,"column":3}}]},"3":{"loc":{"start":{"line":26,"column":9},"end":{"line":26,"column":44}},"type":"binary-expr","locations":[{"start":{"line":26,"column":9},"end":{"line":26,"column":36}},{"start":{"line":26,"column":40},"end":{"line":26,"column":44}}]},"4":{"loc":{"start":{"line":37,"column":2},"end":{"line":42,"column":3}},"type":"if","locations":[{"start":{"line":37,"column":2},"end":{"line":42,"column":3}}]},"5":{"loc":{"start":{"line":39,"column":4},"end":{"line":41,"column":5}},"type":"if","locations":[{"start":{"line":39,"column":4},"end":{"line":41,"column":5}}]}},"s":{"0":3,"1":3,"2":3,"3":3,"4":36,"5":3,"6":2,"7":1,"8":1,"9":1,"10":1,"11":1,"12":1,"13":1,"14":8,"15":7,"16":2,"17":2,"18":1,"19":7},"f":{"0":36,"1":2,"2":1,"3":8},"b":{"0":[1],"1":[2,1],"2":[1],"3":[1,0],"4":[2],"5":[1]}}
,"/Users/daniel.nogueira/Documents/repo/ezeep-js/src/services/print-job.ts": {"path":"/Users/daniel.nogueira/Documents/repo/ezeep-js/src/services/print-job.ts","statementMap":{"0":{"start":{"line":30,"column":0},"end":{"line":30,"column":16}},"1":{"start":{"line":42,"column":0},"end":{"line":42,"column":7}},"2":{"start":{"line":85,"column":0},"end":{"line":85,"column":7}},"3":{"start":{"line":2,"column":0},"end":{"line":2,"column":52}},"4":{"start":{"line":3,"column":0},"end":{"line":3,"column":null}},"5":{"start":{"line":31,"column":14},"end":{"line":31,"column":39}},"6":{"start":{"line":32,"column":2},"end":{"line":32,"column":null}},"7":{"start":{"line":35,"column":14},"end":{"line":35,"column":85}},"8":{"start":{"line":35,"column":30},"end":{"line":35,"column":85}},"9":{"start":{"line":35,"column":61},"end":{"line":35,"column":84}},"10":{"start":{"line":48,"column":2},"end":{"line":61,"column":3}},"11":{"start":{"line":49,"column":17},"end":{"line":49,"column":34}},"12":{"start":{"line":50,"column":20},"end":{"line":50,"column":62}},"13":{"start":{"line":52,"column":4},"end":{"line":52,"column":37}},"14":{"start":{"line":52,"column":31},"end":{"line":52,"column":37}},"15":{"start":{"line":53,"column":4},"end":{"line":56,"column":5}},"16":{"start":{"line":54,"column":6},"end":{"line":54,"column":null}},"17":{"start":{"line":55,"column":6},"end":{"line":55,"column":14}},"18":{"start":{"line":57,"column":4},"end":{"line":59,"column":5}},"19":{"start":{"line":58,"column":6},"end":{"line":58,"column":null}},"20":{"start":{"line":60,"column":4},"end":{"line":60,"column":null}},"21":{"start":{"line":90,"column":2},"end":{"line":90,"column":null}},"22":{"start":{"line":91,"column":19},"end":{"line":91,"column":71}},"23":{"start":{"line":92,"column":2},"end":{"line":92,"column":null}},"24":{"start":{"line":94,"column":17},"end":{"line":94,"column":32}},"25":{"start":{"line":95,"column":17},"end":{"line":95,"column":32}},"26":{"start":{"line":96,"column":19},"end":{"line":96,"column":43}},"27":{"start":{"line":98,"column":2},"end":{"line":98,"column":null}},"28":{"start":{"line":99,"column":2},"end":{"line":128,"column":3}},"29":{"start":{"line":100,"column":16},"end":{"line":100,"column":63}},"30":{"start":{"line":101,"column":4},"end":{"line":103,"column":5}},"31":{"start":{"line":102,"column":6},"end":{"line":102,"column":null}},"32":{"start":{"line":105,"column":17},"end":{"line":111,"column":null}},"33":{"start":{"line":114,"column":4},"end":{"line":116,"column":5}},"34":{"start":{"line":115,"column":6},"end":{"line":115,"column":null}},"35":{"start":{"line":117,"column":4},"end":{"line":119,"column":5}},"36":{"start":{"line":118,"column":6},"end":{"line":118,"column":null}},"37":{"start":{"line":120,"column":4},"end":{"line":122,"column":5}},"38":{"start":{"line":121,"column":6},"end":{"line":121,"column":null}},"39":{"start":{"line":124,"column":4},"end":{"line":124,"column":null}},"40":{"start":{"line":125,"column":4},"end":{"line":125,"column":null}},"41":{"start":{"line":125,"column":37},"end":{"line":125,"column":65}},"42":{"start":{"line":127,"column":4},"end":{"line":127,"column":null}}},"fnMap":{"0":{"name":"fileExtension","decl":{"start":{"line":30,"column":16},"end":{"line":30,"column":29}},"loc":{"start":{"line":30,"column":46},"end":{"line":33,"column":1}}},"1":{"name":"(anonymous_1)","decl":{"start":{"line":35,"column":14},"end":{"line":35,"column":15}},"loc":{"start":{"line":35,"column":30},"end":{"line":35,"column":85}}},"2":{"name":"(anonymous_2)","decl":{"start":{"line":35,"column":48},"end":{"line":35,"column":49}},"loc":{"start":{"line":35,"column":61},"end":{"line":35,"column":84}}},"3":{"name":"waitForJobCompletion","decl":{"start":{"line":42,"column":22},"end":{"line":42,"column":42}},"loc":{"start":{"line":45,"column":43},"end":{"line":62,"column":1}}},"4":{"name":"uploadAndPrintFile","decl":{"start":{"line":85,"column":22},"end":{"line":85,"column":40}},"loc":{"start":{"line":88,"column":27},"end":{"line":129,"column":1}}},"5":{"name":"(anonymous_5)","decl":{"start":{"line":125,"column":31},"end":{"line":125,"column":34}},"loc":{"start":{"line":125,"column":37},"end":{"line":125,"column":65}}}},"branchMap":{"0":{"loc":{"start":{"line":32,"column":9},"end":{"line":32,"column":37}},"type":"cond-expr","locations":[{"start":{"line":32,"column":15},"end":{"line":32,"column":32}},{"start":{"line":32,"column":35},"end":{"line":32,"column":37}}]},"1":{"loc":{"start":{"line":45,"column":2},"end":{"line":45,"column":43}},"type":"default-arg","locations":[{"start":{"line":45,"column":27},"end":{"line":45,"column":43}}]},"2":{"loc":{"start":{"line":52,"column":4},"end":{"line":52,"column":37}},"type":"if","locations":[{"start":{"line":52,"column":4},"end":{"line":52,"column":37}}]},"3":{"loc":{"start":{"line":53,"column":4},"end":{"line":56,"column":5}},"type":"if","locations":[{"start":{"line":53,"column":4},"end":{"line":56,"column":5}}]},"4":{"loc":{"start":{"line":57,"column":4},"end":{"line":59,"column":5}},"type":"if","locations":[{"start":{"line":57,"column":4},"end":{"line":59,"column":5}}]},"5":{"loc":{"start":{"line":58,"column":54},"end":{"line":58,"column":92}},"type":"binary-expr","locations":[{"start":{"line":58,"column":54},"end":{"line":58,"column":74}},{"start":{"line":58,"column":78},"end":{"line":58,"column":92}}]},"6":{"loc":{"start":{"line":60,"column":44},"end":{"line":60,"column":82}},"type":"binary-expr","locations":[{"start":{"line":60,"column":44},"end":{"line":60,"column":64}},{"start":{"line":60,"column":68},"end":{"line":60,"column":82}}]},"7":{"loc":{"start":{"line":88,"column":2},"end":{"line":88,"column":27}},"type":"default-arg","locations":[{"start":{"line":88,"column":25},"end":{"line":88,"column":27}}]},"8":{"loc":{"start":{"line":90,"column":2},"end":{"line":90,"column":27}},"type":"cond-expr","locations":[{"start":{"line":90,"column":19},"end":{"line":90,"column":22}},{"start":{"line":90,"column":19},"end":{"line":90,"column":27}}]},"9":{"loc":{"start":{"line":90,"column":2},"end":{"line":90,"column":22}},"type":"binary-expr","locations":[{"start":{"line":90,"column":2},"end":{"line":90,"column":22}},{"start":{"line":90,"column":19},"end":{"line":90,"column":22}}]},"10":{"loc":{"start":{"line":92,"column":2},"end":{"line":92,"column":28}},"type":"cond-expr","locations":[{"start":{"line":92,"column":19},"end":{"line":92,"column":22}},{"start":{"line":92,"column":19},"end":{"line":92,"column":28}}]},"11":{"loc":{"start":{"line":92,"column":2},"end":{"line":92,"column":22}},"type":"binary-expr","locations":[{"start":{"line":92,"column":2},"end":{"line":92,"column":22}},{"start":{"line":92,"column":19},"end":{"line":92,"column":22}}]},"12":{"loc":{"start":{"line":98,"column":2},"end":{"line":98,"column":27}},"type":"cond-expr","locations":[{"start":{"line":98,"column":19},"end":{"line":98,"column":22}},{"start":{"line":98,"column":19},"end":{"line":98,"column":27}}]},"13":{"loc":{"start":{"line":98,"column":2},"end":{"line":98,"column":22}},"type":"binary-expr","locations":[{"start":{"line":98,"column":2},"end":{"line":98,"column":22}},{"start":{"line":98,"column":19},"end":{"line":98,"column":22}}]},"14":{"loc":{"start":{"line":101,"column":4},"end":{"line":103,"column":5}},"type":"if","locations":[{"start":{"line":101,"column":4},"end":{"line":103,"column":5}}]},"15":{"loc":{"start":{"line":114,"column":4},"end":{"line":116,"column":5}},"type":"if","locations":[{"start":{"line":114,"column":4},"end":{"line":116,"column":5}}]},"16":{"loc":{"start":{"line":117,"column":4},"end":{"line":119,"column":5}},"type":"if","locations":[{"start":{"line":117,"column":4},"end":{"line":119,"column":5}}]},"17":{"loc":{"start":{"line":117,"column":8},"end":{"line":117,"column":92}},"type":"binary-expr","locations":[{"start":{"line":117,"column":8},"end":{"line":117,"column":19}},{"start":{"line":117,"column":23},"end":{"line":117,"column":46}},{"start":{"line":117,"column":50},"end":{"line":117,"column":92}}]},"18":{"loc":{"start":{"line":120,"column":4},"end":{"line":122,"column":5}},"type":"if","locations":[{"start":{"line":120,"column":4},"end":{"line":122,"column":5}}]},"19":{"loc":{"start":{"line":124,"column":4},"end":{"line":124,"column":31}},"type":"cond-expr","locations":[{"start":{"line":124,"column":17},"end":{"line":124,"column":20}},{"start":{"line":124,"column":17},"end":{"line":124,"column":31}}]},"20":{"loc":{"start":{"line":124,"column":4},"end":{"line":124,"column":20}},"type":"binary-expr","locations":[{"start":{"line":124,"column":4},"end":{"line":124,"column":20}},{"start":{"line":124,"column":17},"end":{"line":124,"column":20}}]},"21":{"loc":{"start":{"line":127,"column":4},"end":{"line":127,"column":30}},"type":"cond-expr","locations":[{"start":{"line":127,"column":21},"end":{"line":127,"column":24}},{"start":{"line":127,"column":21},"end":{"line":127,"column":30}}]},"22":{"loc":{"start":{"line":127,"column":4},"end":{"line":127,"column":24}},"type":"binary-expr","locations":[{"start":{"line":127,"column":4},"end":{"line":127,"column":24}},{"start":{"line":127,"column":21},"end":{"line":127,"column":24}}]}},"s":{"0":1,"1":1,"2":1,"3":1,"4":1,"5":9,"6":9,"7":1,"8":2,"9":2,"10":5,"11":7,"12":7,"13":7,"14":3,"15":4,"16":2,"17":2,"18":2,"19":1,"20":1,"21":6,"22":6,"23":6,"24":6,"25":6,"26":6,"27":6,"28":6,"29":6,"30":6,"31":1,"32":5,"33":5,"34":2,"35":3,"36":1,"37":2,"38":1,"39":1,"40":1,"41":1,"42":6},"f":{"0":9,"1":2,"2":2,"3":5,"4":6,"5":1},"b":{"0":[8,1],"1":[0],"2":[3],"3":[2],"4":[1],"5":[1,1],"6":[1,0],"7":[4],"8":[5,1],"9":[6,6],"10":[5,1],"11":[6,6],"12":[4,2],"13":[6,6],"14":[1],"15":[2],"16":[1],"17":[3,1,1],"18":[1],"19":[0,1],"20":[1,1],"21":[4,2],"22":[6,6]}}
,"/Users/daniel.nogueira/Documents/repo/ezeep-js/src/services/print.ts": {"path":"/Users/daniel.nogueira/Documents/repo/ezeep-js/src/services/print.ts","statementMap":{"0":{"start":{"line":1,"column":0},"end":{"line":1,"column":44}},"1":{"start":{"line":2,"column":0},"end":{"line":2,"column":30}},"2":{"start":{"line":3,"column":0},"end":{"line":3,"column":44}},"3":{"start":{"line":12,"column":0},"end":{"line":12,"column":87}},"4":{"start":{"line":13,"column":0},"end":{"line":13,"column":64}},"5":{"start":{"line":14,"column":0},"end":{"line":14,"column":43}},"6":{"start":{"line":30,"column":2},"end":{"line":30,"column":null}},"7":{"start":{"line":192,"column":2},"end":{"line":197,"column":null}},"8":{"start":{"line":193,"column":4},"end":{"line":196,"column":null}},"9":{"start":{"line":18,"column":4},"end":{"line":18,"column":null}},"10":{"start":{"line":19,"column":4},"end":{"line":19,"column":null}},"11":{"start":{"line":20,"column":4},"end":{"line":20,"column":null}},"12":{"start":{"line":22,"column":4},"end":{"line":22,"column":null}},"13":{"start":{"line":33,"column":4},"end":{"line":35,"column":5}},"14":{"start":{"line":34,"column":6},"end":{"line":34,"column":12}},"15":{"start":{"line":36,"column":4},"end":{"line":36,"column":null}},"16":{"start":{"line":40,"column":4},"end":{"line":64,"column":null}},"17":{"start":{"line":43,"column":8},"end":{"line":43,"column":null}},"18":{"start":{"line":47,"column":8},"end":{"line":47,"column":null}},"19":{"start":{"line":51,"column":8},"end":{"line":56,"column":9}},"20":{"start":{"line":55,"column":10},"end":{"line":55,"column":null}},"21":{"start":{"line":58,"column":8},"end":{"line":58,"column":null}},"22":{"start":{"line":62,"column":8},"end":{"line":62,"column":null}},"23":{"start":{"line":68,"column":4},"end":{"line":68,"column":null}},"24":{"start":{"line":72,"column":4},"end":{"line":75,"column":null}},"25":{"start":{"line":79,"column":4},"end":{"line":82,"column":null}},"26":{"start":{"line":86,"column":4},"end":{"line":89,"column":null}},"27":{"start":{"line":101,"column":4},"end":{"line":101,"column":null}},"28":{"start":{"line":103,"column":4},"end":{"line":114,"column":null}},"29":{"start":{"line":118,"column":4},"end":{"line":121,"column":5}},"30":{"start":{"line":119,"column":6},"end":{"line":119,"column":null}},"31":{"start":{"line":120,"column":6},"end":{"line":120,"column":null}},"32":{"start":{"line":130,"column":4},"end":{"line":138,"column":null}},"33":{"start":{"line":150,"column":4},"end":{"line":157,"column":null}},"34":{"start":{"line":157,"column":26},"end":{"line":157,"column":67}},"35":{"start":{"line":161,"column":4},"end":{"line":164,"column":null}},"36":{"start":{"line":168,"column":4},"end":{"line":168,"column":null}},"37":{"start":{"line":169,"column":21},"end":{"line":176,"column":6}},"38":{"start":{"line":178,"column":19},"end":{"line":178,"column":56}},"39":{"start":{"line":179,"column":21},"end":{"line":187,"column":6}},"40":{"start":{"line":183,"column":25},"end":{"line":183,"column":58}},"41":{"start":{"line":184,"column":8},"end":{"line":184,"column":null}},"42":{"start":{"line":189,"column":4},"end":{"line":189,"column":null}},"43":{"start":{"line":16,"column":0},"end":{"line":16,"column":13}},"44":{"start":{"line":200,"column":19},"end":{"line":213,"column":2}},"45":{"start":{"line":215,"column":0},"end":{"line":215,"column":null}}},"fnMap":{"0":{"name":"(anonymous_1)","decl":{"start":{"line":17,"column":2},"end":{"line":17,"column":14}},"loc":{"start":{"line":17,"column":51},"end":{"line":23,"column":3}}},"1":{"name":"(anonymous_2)","decl":{"start":{"line":192,"column":19},"end":{"line":192,"column":22}},"loc":{"start":{"line":192,"column":24},"end":{"line":197,"column":3}}},"2":{"name":"(anonymous_3)","decl":{"start":{"line":32,"column":10},"end":{"line":32,"column":33}},"loc":{"start":{"line":32,"column":33},"end":{"line":37,"column":3}}},"3":{"name":"(anonymous_4)","decl":{"start":{"line":39,"column":2},"end":{"line":39,"column":26}},"loc":{"start":{"line":39,"column":26},"end":{"line":65,"column":3}}},"4":{"name":"(anonymous_5)","decl":{"start":{"line":41,"column":15},"end":{"line":41,"column":16}},"loc":{"start":{"line":41,"column":31},"end":{"line":44,"column":7}}},"5":{"name":"(anonymous_6)","decl":{"start":{"line":45,"column":20},"end":{"line":45,"column":21}},"loc":{"start":{"line":45,"column":30},"end":{"line":48,"column":7}}},"6":{"name":"(anonymous_7)","decl":{"start":{"line":50,"column":16},"end":{"line":50,"column":17}},"loc":{"start":{"line":50,"column":29},"end":{"line":59,"column":7}}},"7":{"name":"(anonymous_8)","decl":{"start":{"line":60,"column":21},"end":{"line":60,"column":22}},"loc":{"start":{"line":60,"column":31},"end":{"line":63,"column":7}}},"8":{"name":"(anonymous_9)","decl":{"start":{"line":67,"column":2},"end":{"line":67,"column":16}},"loc":{"start":{"line":67,"column":36},"end":{"line":69,"column":3}}},"9":{"name":"(anonymous_10)","decl":{"start":{"line":71,"column":2},"end":{"line":71,"column":7}},"loc":{"start":{"line":71,"column":37},"end":{"line":76,"column":3}}},"10":{"name":"(anonymous_11)","decl":{"start":{"line":78,"column":2},"end":{"line":78,"column":22}},"loc":{"start":{"line":78,"column":61},"end":{"line":83,"column":3}}},"11":{"name":"(anonymous_12)","decl":{"start":{"line":85,"column":2},"end":{"line":85,"column":25}},"loc":{"start":{"line":85,"column":45},"end":{"line":90,"column":3}}},"12":{"name":"(anonymous_13)","decl":{"start":{"line":92,"column":2},"end":{"line":92,"column":16}},"loc":{"start":{"line":99,"column":28},"end":{"line":115,"column":3}}},"13":{"name":"(anonymous_14)","decl":{"start":{"line":117,"column":2},"end":{"line":117,"column":12}},"loc":{"start":{"line":117,"column":12},"end":{"line":122,"column":3}}},"14":{"name":"(anonymous_15)","decl":{"start":{"line":125,"column":10},"end":{"line":125,"column":22}},"loc":{"start":{"line":128,"column":24},"end":{"line":139,"column":3}}},"15":{"name":"(anonymous_16)","decl":{"start":{"line":141,"column":2},"end":{"line":141,"column":15}},"loc":{"start":{"line":148,"column":28},"end":{"line":158,"column":3}}},"16":{"name":"(anonymous_17)","decl":{"start":{"line":157,"column":12},"end":{"line":157,"column":13}},"loc":{"start":{"line":157,"column":26},"end":{"line":157,"column":67}}},"17":{"name":"(anonymous_18)","decl":{"start":{"line":160,"column":2},"end":{"line":160,"column":19}},"loc":{"start":{"line":160,"column":39},"end":{"line":165,"column":3}}},"18":{"name":"(anonymous_19)","decl":{"start":{"line":167,"column":2},"end":{"line":167,"column":7}},"loc":{"start":{"line":167,"column":50},"end":{"line":190,"column":3}}},"19":{"name":"(anonymous_20)","decl":{"start":{"line":182,"column":18},"end":{"line":182,"column":19}},"loc":{"start":{"line":182,"column":24},"end":{"line":185,"column":7}}}},"branchMap":{"0":{"loc":{"start":{"line":33,"column":4},"end":{"line":35,"column":5}},"type":"if","locations":[{"start":{"line":33,"column":4},"end":{"line":35,"column":5}}]},"1":{"loc":{"start":{"line":36,"column":35},"end":{"line":36,"column":66}},"type":"cond-expr","locations":[{"start":{"line":36,"column":60},"end":{"line":36,"column":64}},{"start":{"line":36,"column":64},"end":{"line":36,"column":66}}]},"2":{"loc":{"start":{"line":36,"column":35},"end":{"line":36,"column":64}},"type":"binary-expr","locations":[{"start":{"line":36,"column":35},"end":{"line":36,"column":64}},{"start":{"line":36,"column":60},"end":{"line":36,"column":64}}]},"3":{"loc":{"start":{"line":51,"column":8},"end":{"line":56,"column":9}},"type":"if","locations":[{"start":{"line":51,"column":8},"end":{"line":56,"column":9}}]},"4":{"loc":{"start":{"line":51,"column":12},"end":{"line":51,"column":74}},"type":"binary-expr","locations":[{"start":{"line":51,"column":12},"end":{"line":51,"column":35}},{"start":{"line":51,"column":39},"end":{"line":51,"column":74}}]},"5":{"loc":{"start":{"line":109,"column":12},"end":{"line":109,"column":43}},"type":"binary-expr","locations":[{"start":{"line":109,"column":12},"end":{"line":109,"column":20}},{"start":{"line":109,"column":24},"end":{"line":109,"column":43}}]},"6":{"loc":{"start":{"line":110,"column":12},"end":{"line":110,"column":64}},"type":"binary-expr","locations":[{"start":{"line":110,"column":12},"end":{"line":110,"column":26}},{"start":{"line":110,"column":30},"end":{"line":110,"column":64}}]},"7":{"loc":{"start":{"line":118,"column":4},"end":{"line":121,"column":5}},"type":"if","locations":[{"start":{"line":118,"column":4},"end":{"line":121,"column":5}}]},"8":{"loc":{"start":{"line":154,"column":10},"end":{"line":154,"column":41}},"type":"binary-expr","locations":[{"start":{"line":154,"column":10},"end":{"line":154,"column":18}},{"start":{"line":154,"column":22},"end":{"line":154,"column":41}}]},"9":{"loc":{"start":{"line":155,"column":10},"end":{"line":155,"column":62}},"type":"binary-expr","locations":[{"start":{"line":155,"column":10},"end":{"line":155,"column":24}},{"start":{"line":155,"column":28},"end":{"line":155,"column":62}}]}},"s":{"0":2,"1":2,"2":2,"3":2,"4":2,"5":2,"6":31,"7":31,"8":1,"9":31,"10":31,"11":31,"12":31,"13":31,"14":9,"15":22,"16":0,"17":0,"18":0,"19":0,"20":0,"21":0,"22":0,"23":1,"24":22,"25":1,"26":0,"27":2,"28":2,"29":1,"30":1,"31":1,"32":4,"33":2,"34":2,"35":2,"36":0,"37":0,"38":0,"39":0,"40":0,"41":0,"42":0,"43":2,"44":2,"45":2},"f":{"0":31,"1":1,"2":31,"3":0,"4":0,"5":0,"6":0,"7":0,"8":1,"9":22,"10":1,"11":0,"12":2,"13":1,"14":4,"15":2,"16":2,"17":2,"18":0,"19":0},"b":{"0":[9],"1":[0,22],"2":[22,0],"3":[0],"4":[0,0],"5":[2,1],"6":[2,0],"7":[1],"8":[2,1],"9":[2,0]}}
,"/Users/daniel.nogueira/Documents/repo/ezeep-js/src/services/user.ts": {"path":"/Users/daniel.nogueira/Documents/repo/ezeep-js/src/services/user.ts","statementMap":{"0":{"start":{"line":1,"column":0},"end":{"line":1,"column":44}},"1":{"start":{"line":2,"column":0},"end":{"line":2,"column":30}},"2":{"start":{"line":3,"column":0},"end":{"line":3,"column":36}},"3":{"start":{"line":17,"column":4},"end":{"line":20,"column":null}},"4":{"start":{"line":15,"column":0},"end":{"line":15,"column":13}},"5":{"start":{"line":24,"column":18},"end":{"line":32,"column":2}},"6":{"start":{"line":34,"column":0},"end":{"line":34,"column":null}}},"fnMap":{"0":{"name":"(anonymous_1)","decl":{"start":{"line":16,"column":2},"end":{"line":16,"column":13}},"loc":{"start":{"line":16,"column":13},"end":{"line":21,"column":3}}}},"branchMap":{},"s":{"0":1,"1":1,"2":1,"3":0,"4":1,"5":1,"6":1},"f":{"0":0},"b":{}}
,"/Users/daniel.nogueira/Documents/repo/ezeep-js/src/shared/constants.ts": {"path":"/Users/daniel.nogueira/Documents/repo/ezeep-js/src/shared/constants.ts","statementMap":{"0":{"start":{"line":11,"column":0},"end":{"line":11,"column":null}},"1":{"start":{"line":12,"column":2},"end":{"line":12,"column":null}},"2":{"start":{"line":14,"column":2},"end":{"line":14,"column":null}},"3":{"start":{"line":16,"column":2},"end":{"line":16,"column":null}},"4":{"start":{"line":17,"column":2},"end":{"line":17,"column":null}},"5":{"start":{"line":19,"column":2},"end":{"line":19,"column":null}},"6":{"start":{"line":23,"column":13},"end":{"line":26,"column":null}},"7":{"start":{"line":29,"column":13},"end":{"line":29,"column":null}},"8":{"start":{"line":36,"column":13},"end":{"line":36,"column":null}},"9":{"start":{"line":39,"column":13},"end":{"line":39,"column":null}},"10":{"start":{"line":42,"column":13},"end":{"line":42,"column":null}},"11":{"start":{"line":45,"column":13},"end":{"line":45,"column":null}},"12":{"start":{"line":48,"column":13},"end":{"line":48,"column":null}},"13":{"start":{"line":51,"column":13},"end":{"line":51,"column":null}},"14":{"start":{"line":52,"column":13},"end":{"line":52,"column":null}},"15":{"start":{"line":54,"column":13},"end":{"line":54,"column":null}},"16":{"start":{"line":57,"column":13},"end":{"line":57,"column":null}}},"fnMap":{"0":{"name":"(anonymous_0)","decl":{"start":{"line":11,"column":0},"end":{"line":11,"column":12}},"loc":{"start":{"line":11,"column":21},"end":{"line":20,"column":1}}}},"branchMap":{"0":{"loc":{"start":{"line":11,"column":12},"end":{"line":11,"column":null}},"type":"binary-expr","locations":[{"start":{"line":11,"column":12},"end":{"line":11,"column":21}},{"start":{"line":11,"column":21},"end":{"line":11,"column":null}}]}},"s":{"0":8,"1":8,"2":8,"3":8,"4":8,"5":8,"6":8,"7":8,"8":8,"9":8,"10":8,"11":8,"12":8,"13":8,"14":8,"15":8,"16":8},"f":{"0":8},"b":{"0":[8,8]}}
,"/Users/daniel.nogueira/Documents/repo/ezeep-js/src/shared/storage.ts": {"path":"/Users/daniel.nogueira/Documents/repo/ezeep-js/src/shared/storage.ts","statementMap":{"0":{"start":{"line":13,"column":12},"end":{"line":19,"column":null}},"1":{"start":{"line":22,"column":14},"end":{"line":22,"column":39}},"2":{"start":{"line":23,"column":2},"end":{"line":23,"column":null}},"3":{"start":{"line":23,"column":20},"end":{"line":23,"column":null}},"4":{"start":{"line":24,"column":2},"end":{"line":28,"column":3}},"5":{"start":{"line":25,"column":4},"end":{"line":25,"column":null}},"6":{"start":{"line":27,"column":4},"end":{"line":27,"column":null}},"7":{"start":{"line":31,"column":13},"end":{"line":84,"column":null}},"8":{"start":{"line":33,"column":4},"end":{"line":33,"column":null}},"9":{"start":{"line":36,"column":4},"end":{"line":36,"column":null}},"10":{"start":{"line":40,"column":4},"end":{"line":40,"column":null}},"11":{"start":{"line":43,"column":4},"end":{"line":43,"column":null}},"12":{"start":{"line":47,"column":4},"end":{"line":47,"column":null}},"13":{"start":{"line":50,"column":4},"end":{"line":50,"column":null}},"14":{"start":{"line":53,"column":4},"end":{"line":53,"column":null}},"15":{"start":{"line":57,"column":4},"end":{"line":57,"column":null}},"16":{"start":{"line":60,"column":4},"end":{"line":60,"column":null}},"17":{"start":{"line":64,"column":4},"end":{"line":64,"column":null}},"18":{"start":{"line":67,"column":4},"end":{"line":67,"column":null}},"19":{"start":{"line":72,"column":4},"end":{"line":72,"column":null}},"20":{"start":{"line":73,"column":4},"end":{"line":73,"column":null}},"21":{"start":{"line":74,"column":4},"end":{"line":74,"column":null}},"22":{"start":{"line":75,"column":4},"end":{"line":75,"column":null}},"23":{"start":{"line":76,"column":4},"end":{"line":76,"column":null}},"24":{"start":{"line":81,"column":4},"end":{"line":81,"column":null}},"25":{"start":{"line":82,"column":4},"end":{"line":82,"column":null}}},"fnMap":{"0":{"name":"getJSON","decl":{"start":{"line":21,"column":9},"end":{"line":21,"column":16}},"loc":{"start":{"line":21,"column":31},"end":{"line":29,"column":1}}},"1":{"name":"(anonymous_1)","decl":{"start":{"line":32,"column":2},"end":{"line":32,"column":16}},"loc":{"start":{"line":32,"column":16},"end":{"line":34,"column":3}}},"2":{"name":"(anonymous_2)","decl":{"start":{"line":35,"column":2},"end":{"line":35,"column":16}},"loc":{"start":{"line":35,"column":30},"end":{"line":37,"column":3}}},"3":{"name":"(anonymous_3)","decl":{"start":{"line":39,"column":2},"end":{"line":39,"column":17}},"loc":{"start":{"line":39,"column":17},"end":{"line":41,"column":3}}},"4":{"name":"(anonymous_4)","decl":{"start":{"line":42,"column":2},"end":{"line":42,"column":17}},"loc":{"start":{"line":42,"column":31},"end":{"line":44,"column":3}}},"5":{"name":"(anonymous_5)","decl":{"start":{"line":46,"column":2},"end":{"line":46,"column":17}},"loc":{"start":{"line":46,"column":17},"end":{"line":48,"column":3}}},"6":{"name":"(anonymous_6)","decl":{"start":{"line":49,"column":2},"end":{"line":49,"column":17}},"loc":{"start":{"line":49,"column":32},"end":{"line":51,"column":3}}},"7":{"name":"(anonymous_7)","decl":{"start":{"line":52,"column":2},"end":{"line":52,"column":17}},"loc":{"start":{"line":52,"column":17},"end":{"line":54,"column":3}}},"8":{"name":"(anonymous_8)","decl":{"start":{"line":56,"column":2},"end"
[...]
e":23,"column":45}},{"start":{"line":23,"column":43},"end":{"line":23,"column":45}}]},"5":{"loc":{"start":{"line":24,"column":34},"end":{"line":24,"column":66}},"type":"cond-expr","locations":[{"start":{"line":24,"column":48},"end":{"line":24,"column":50}},{"start":{"line":24,"column":48},"end":{"line":24,"column":66}}]},"6":{"loc":{"start":{"line":24,"column":34},"end":{"line":24,"column":50}},"type":"binary-expr","locations":[{"start":{"line":24,"column":34},"end":{"line":24,"column":50}},{"start":{"line":24,"column":48},"end":{"line":24,"column":50}}]},"7":{"loc":{"start":{"line":26,"column":2},"end":{"line":29,"column":3}},"type":"if","locations":[{"start":{"line":26,"column":2},"end":{"line":29,"column":3}}]},"8":{"loc":{"start":{"line":27,"column":16},"end":{"line":27,"column":73}},"type":"cond-expr","locations":[{"start":{"line":27,"column":44},"end":{"line":27,"column":46}},{"start":{"line":27,"column":44},"end":{"line":27,"column":73}}]},"9":{"loc":{"start":{"line":27,"column":16},"end":{"line":27,"column":46}},"type":"binary-expr","locations":[{"start":{"line":27,"column":16},"end":{"line":27,"column":46}},{"start":{"line":27,"column":44},"end":{"line":27,"column":46}}]},"10":{"loc":{"start":{"line":28,"column":4},"end":{"line":28,"column":null}},"type":"if","locations":[{"start":{"line":28,"column":4},"end":{"line":28,"column":null}}]},"11":{"loc":{"start":{"line":28,"column":8},"end":{"line":28,"column":43}},"type":"binary-expr","locations":[{"start":{"line":28,"column":8},"end":{"line":28,"column":31}},{"start":{"line":28,"column":35},"end":{"line":28,"column":43}}]},"12":{"loc":{"start":{"line":30,"column":27},"end":{"line":30,"column":73}},"type":"cond-expr","locations":[{"start":{"line":30,"column":27},"end":{"line":30,"column":50}},{"start":{"line":30,"column":54},"end":{"line":30,"column":73}}]},"13":{"loc":{"start":{"line":30,"column":27},"end":{"line":30,"column":54}},"type":"binary-expr","locations":[{"start":{"line":30,"column":27},"end":{"line":30,"column":54}},{"start":{"line":30,"column":27},"end":{"line":30,"column":54}}]},"14":{"loc":{"start":{"line":31,"column":26},"end":{"line":31,"column":52}},"type":"cond-expr","locations":[{"start":{"line":31,"column":40},"end":{"line":31,"column":42}},{"start":{"line":31,"column":40},"end":{"line":31,"column":52}}]},"15":{"loc":{"start":{"line":31,"column":26},"end":{"line":31,"column":42}},"type":"binary-expr","locations":[{"start":{"line":31,"column":26},"end":{"line":31,"column":42}},{"start":{"line":31,"column":40},"end":{"line":31,"column":42}}]},"16":{"loc":{"start":{"line":33,"column":23},"end":{"line":33,"column":79}},"type":"cond-expr","locations":[{"start":{"line":33,"column":42},"end":{"line":33,"column":44}},{"start":{"line":33,"column":42},"end":{"line":33,"column":79}}]},"17":{"loc":{"start":{"line":33,"column":23},"end":{"line":33,"column":44}},"type":"binary-expr","locations":[{"start":{"line":33,"column":23},"end":{"line":33,"column":44}},{"start":{"line":33,"column":42},"end":{"line":33,"column":44}}]},"18":{"loc":{"start":{"line":34,"column":21},"end":{"line":34,"column":39}},"type":"cond-expr","locations":[{"start":{"line":34,"column":33},"end":{"line":34,"column":35}},{"start":{"line":34,"column":21},"end":{"line":34,"column":39}}]},"19":{"loc":{"start":{"line":34,"column":21},"end":{"line":34,"column":35}},"type":"binary-expr","locations":[{"start":{"line":34,"column":21},"end":{"line":34,"column":35}},{"start":{"line":34,"column":21},"end":{"line":34,"column":35}}]},"20":{"loc":{"start":{"line":35,"column":23},"end":{"line":35,"column":39}},"type":"cond-expr","locations":[{"start":{"line":35,"column":35},"end":{"line":35,"column":37}},{"start":{"line":35,"column":23},"end":{"line":35,"column":39}}]},"21":{"loc":{"start":{"line":35,"column":23},"end":{"line":35,"column":37}},"type":"binary-expr","locations":[{"start":{"line":35,"column":23},"end":{"line":35,"column":37}},{"start":{"line":35,"column":23},"end":{"line":35,"column":37}}]},"22":{"loc":{"start":{"line":39,"column":24},"end":{"line":39,"column":74}},"type":"cond-expr","locations":[{"start":{"line":39,"column":36},"end":{"line":39,"column":38}},{"start":{"line":39,"column":36},"end":{"line":39,"column":74}}]},"23":{"loc":{"start":{"line":39,"column":24},"end":{"line":39,"column":38}},"type":"binary-expr","locations":[{"start":{"line":39,"column":24},"end":{"line":39,"column":38}},{"start":{"line":39,"column":36},"end":{"line":39,"column":38}}]},"24":{"loc":{"start":{"line":39,"column":52},"end":{"line":39,"column":64}},"type":"cond-expr","locations":[{"start":{"line":39,"column":55},"end":{"line":39,"column":57}},{"start":{"line":39,"column":52},"end":{"line":39,"column":64}}]},"25":{"loc":{"start":{"line":39,"column":52},"end":{"line":39,"column":57}},"type":"binary-expr","locations":[{"start":{"line":39,"column":52},"end":{"line":39,"column":57}},{"start":{"line":39,"column":52},"end":{"line":39,"column":57}}]},"26":{"loc":{"start":{"line":40,"column":2},"end":{"line":43,"column":3}},"type":"if","locations":[{"start":{"line":40,"column":2},"end":{"line":43,"column":3}}]},"27":{"loc":{"start":{"line":40,"column":6},"end":{"line":40,"column":73}},"type":"binary-expr","locations":[{"start":{"line":40,"column":6},"end":{"line":40,"column":18}},{"start":{"line":40,"column":22},"end":{"line":40,"column":46}},{"start":{"line":40,"column":50},"end":{"line":40,"column":73}}]},"28":{"loc":{"start":{"line":41,"column":26},"end":{"line":41,"column":45}},"type":"cond-expr","locations":[{"start":{"line":41,"column":39},"end":{"line":41,"column":41}},{"start":{"line":41,"column":26},"end":{"line":41,"column":45}}]},"29":{"loc":{"start":{"line":41,"column":26},"end":{"line":41,"column":41}},"type":"binary-expr","locations":[{"start":{"line":41,"column":26},"end":{"line":41,"column":41}},{"start":{"line":41,"column":26},"end":{"line":41,"column":41}}]},"30":{"loc":{"start":{"line":42,"column":31},"end":{"line":42,"column":51}},"type":"cond-expr","locations":[{"start":{"line":42,"column":44},"end":{"line":42,"column":46}},{"start":{"line":42,"column":31},"end":{"line":42,"column":51}}]},"31":{"loc":{"start":{"line":42,"column":31},"end":{"line":42,"column":46}},"type":"binary-expr","locations":[{"start":{"line":42,"column":31},"end":{"line":42,"column":46}},{"start":{"line":42,"column":31},"end":{"line":42,"column":46}}]},"32":{"loc":{"start":{"line":46,"column":2},"end":{"line":49,"column":3}},"type":"if","locations":[{"start":{"line":46,"column":2},"end":{"line":49,"column":3}}]},"33":{"loc":{"start":{"line":46,"column":6},"end":{"line":46,"column":73}},"type":"binary-expr","locations":[{"start":{"line":46,"column":6},"end":{"line":46,"column":18}},{"start":{"line":46,"column":22},"end":{"line":46,"column":46}},{"start":{"line":46,"column":50},"end":{"line":46,"column":73}}]},"34":{"loc":{"start":{"line":60,"column":9},"end":{"line":60,"column":78}},"type":"binary-expr","locations":[{"start":{"line":60,"column":9},"end":{"line":60,"column":23}},{"start":{"line":60,"column":27},"end":{"line":60,"column":51}},{"start":{"line":60,"column":55},"end":{"line":60,"column":78}}]},"35":{"loc":{"start":{"line":65,"column":9},"end":{"line":65,"column":78}},"type":"binary-expr","locations":[{"start":{"line":65,"column":9},"end":{"line":65,"column":23}},{"start":{"line":65,"column":27},"end":{"line":65,"column":51}},{"start":{"line":65,"column":55},"end":{"line":65,"column":78}}]},"36":{"loc":{"start":{"line":77,"column":2},"end":{"line":77,"column":null}},"type":"if","locations":[{"start":{"line":77,"column":2},"end":{"line":77,"column":null}}]},"37":{"loc":{"start":{"line":78,"column":2},"end":{"line":78,"column":null}},"type":"if","locations":[{"start":{"line":78,"column":2},"end":{"line":78,"column":null}}]},"38":{"loc":{"start":{"line":79,"column":2},"end":{"line":79,"column":null}},"type":"if","locations":[{"start":{"line":79,"column":2},"end":{"line":79,"column":null}}]},"39":{"loc":{"start":{"line":79,"column":6},"end":{"line":79,"column":59}},"type":"binary-expr","locations":[{"start":{"line":79,"column":6},"end":{"line":79,"column":13}},{"start":{"line":79,"column":17},"end":{"line":79,"column":59}}]},"40":{"loc":{"start":{"line":80,"column":2},"end":{"line":80,"column":null}},"type":"if","locations":[{"start":{"line":80,"column":2},"end":{"line":80,"column":null}}]}},"s":{"0":2,"1":2,"2":2,"3":2,"4":2,"5":4,"6":4,"7":4,"8":4,"9":2,"10":2,"11":2,"12":4,"13":4,"14":4,"15":1,"16":4,"17":4,"18":4,"19":3,"20":4,"21":1,"22":1,"23":4,"24":1,"25":1,"26":4,"27":4,"28":4,"29":4,"30":3,"31":3,"32":22,"33":4,"34":18,"35":4,"36":14,"37":5,"38":9,"39":3,"40":6},"f":{"0":4,"1":1,"2":3,"3":3,"4":3,"5":22},"b":{"0":[1,3],"1":[1,3],"2":[4,4],"3":[1,3],"4":[4,4],"5":[1,3],"6":[4,4],"7":[2],"8":[0,2],"9":[2,2],"10":[2],"11":[2,2],"12":[1,3],"13":[4,4],"14":[1,3],"15":[4,4],"16":[3,1],"17":[4,4],"18":[3,1],"19":[4,4],"20":[3,1],"21":[4,4],"22":[2,2],"23":[4,4],"24":[1,2],"25":[3,2],"26":[1],"27":[4,2,2],"28":[0,1],"29":[1,1],"30":[0,1],"31":[1,1],"32":[1],"33":[4,2,2],"34":[3,2,2],"35":[3,2,2],"36":[4],"37":[4],"38":[5],"39":[14,6],"40":[3]}}
,"/Users/daniel.nogueira/Documents/repo/ezeep-js/src/utils/utils.ts": {"path":"/Users/daniel.nogueira/Documents/repo/ezeep-js/src/utils/utils.ts","statementMap":{"0":{"start":{"line":9,"column":0},"end":{"line":9,"column":16}},"1":{"start":{"line":15,"column":0},"end":{"line":15,"column":16}},"2":{"start":{"line":19,"column":0},"end":{"line":19,"column":16}},"3":{"start":{"line":1,"column":0},"end":{"line":1,"column":29}},"4":{"start":{"line":2,"column":0},"end":{"line":2,"column":52}},"5":{"start":{"line":3,"column":0},"end":{"line":3,"column":52}},"6":{"start":{"line":5,"column":0},"end":{"line":5,"column":46}},"7":{"start":{"line":7,"column":0},"end":{"line":7,"column":9}},"8":{"start":{"line":7,"column":9},"end":{"line":7,"column":46}},"9":{"start":{"line":10,"column":2},"end":{"line":12,"column":null}},"10":{"start":{"line":11,"column":18},"end":{"line":11,"column":79}},"11":{"start":{"line":16,"column":2},"end":{"line":16,"column":null}},"12":{"start":{"line":20,"column":20},"end":{"line":27,"column":null}},"13":{"start":{"line":29,"column":2},"end":{"line":45,"column":3}},"14":{"start":{"line":30,"column":4},"end":{"line":36,"column":null}},"15":{"start":{"line":38,"column":4},"end":{"line":44,"column":null}},"16":{"start":{"line":55,"column":20},"end":{"line":80,"column":1}},"17":{"start":{"line":61,"column":17},"end":{"line":61,"column":18}},"18":{"start":{"line":63,"column":22},"end":{"line":77,"column":3}},"19":{"start":{"line":67,"column":19},"end":{"line":67,"column":29}},"20":{"start":{"line":68,"column":4},"end":{"line":68,"column":null}},"21":{"start":{"line":70,"column":4},"end":{"line":76,"column":5}},"22":{"start":{"line":71,"column":6},"end":{"line":71,"column":null}},"23":{"start":{"line":72,"column":11},"end":{"line":76,"column":5}},"24":{"start":{"line":73,"column":6},"end":{"line":73,"column":null}},"25":{"start":{"line":75,"column":6},"end":{"line":75,"column":null}},"26":{"start":{"line":79,"column":2},"end":{"line":79,"column":null}},"27":{"start":{"line":55,"column":13},"end":{"line":55,"column":20}},"28":{"start":{"line":82,"column":34},"end":{"line":90,"column":1}},"29":{"start":{"line":83,"column":41},"end":{"line":83,"column":43}},"30":{"start":{"line":84,"column":2},"end":{"line":88,"column":null}},"31":{"start":{"line":85,"column":4},"end":{"line":87,"column":5}},"32":{"start":{"line":86,"column":6},"end":{"line":86,"column":null}},"33":{"start":{"line":89,"column":2},"end":{"line":89,"column":null}},"34":{"start":{"line":82,"column":13},"end":{"line":82,"column":34}},"35":{"start":{"line":92,"column":37},"end":{"line":104,"column":1}},"36":{"start":{"line":93,"column":2},"end":{"line":96,"column":3}},"37":{"start":{"line":94,"column":4},"end":{"line":94,"column":null}},"38":{"start":{"line":95,"column":4},"end":{"line":95,"column":null}},"39":{"start":{"line":98,"column":2},"end":{"line":101,"column":3}},"40":{"start":{"line":99,"column":4},"end":{"line":99,"column":null}},"41":{"start":{"line":100,"column":4},"end":{"line":100,"column":null}},"42":{"start":{"line":103,"column":2},"end":{"line":103,"column":null}},"43":{"start":{"line":92,"column":13},"end":{"line":92,"column":37}},"44":{"start":{"line":106,"column":31},"end":{"line":108,"column":1}},"45":{"start":{"line":107,"column":2},"end":{"line":107,"column":null}},"46":{"start":{"line":106,"column":13},"end":{"line":106,"column":31}},"47":{"start":{"line":110,"column":33},"end":{"line":137,"column":1}},"48":{"start":{"line":111,"column":2},"end":{"line":113,"column":3}},"49":{"start":{"line":112,"column":4},"end":{"line":112,"column":null}},"50":{"start":{"line":114,"column":16},"end":{"line":114,"column":78}},"51":{"start":{"line":115,"column":18},"end":{"line":115,"column":39}},"52":{"start":{"line":116,"column":2},"end":{"line":118,"column":3}},"53":{"start":{"line":117,"column":4},"end":{"line":117,"column":null}},"54":{"start":{"line":119,"column":17},"end":{"line":119,"column":37}},"55":{"start":{"line":120,"column":2},"end":{"line":135,"column":3}},"56":{"start":{"line":120,"column":15},"end":{"line":120,"column":16}},"57":{"start":{"line":121,"column":16},"end":{"line":121,"column":32}},"58":{"start":{"line":122,"column":4},"end":{"line":134,"column":5}},"59":{"start":{"line":123,"column":33},"end":{"line":123,"column":47}},"60":{"start":{"line":124,"column":20},"end":{"line":124,"column":38}},"61":{"start":{"line":125,"column":18},"end":{"line":125,"column":34}},"62":{"start":{"line":126,"column":6},"end":{"line":128,"column":7}},"63":{"start":{"line":127,"column":8},"end":{"line":127,"column":21}},"64":{"start":{"line":130,"column":19},"end":{"line":130,"column":32}},"65":{"start":{"line":131,"column":6},"end":{"line":133,"column":7}},"66":{"start":{"line":132,"column":8},"end":{"line":132,"column":null}},"67":{"start":{"line":136,"column":2},"end":{"line":136,"column":null}},"68":{"start":{"line":110,"column":13},"end":{"line":110,"column":33}}},"fnMap":{"0":{"name":"(anonymous_1)","decl":{"start":{"line":7,"column":9},"end":{"line":7,"column":17}},"loc":{"start":{"line":7,"column":9},"end":{"line":7,"column":46}}},"1":{"name":"encodeFormData","decl":{"start":{"line":9,"column":16},"end":{"line":9,"column":30}},"loc":{"start":{"line":9,"column":79},"end":{"line":13,"column":1}}},"2":{"name":"(anonymous_3)","decl":{"start":{"line":11,"column":9},"end":{"line":11,"column":10}},"loc":{"start":{"line":11,"column":18},"end":{"line":11,"column":79}}},"3":{"name":"capitalize","decl":{"start":{"line":15,"column":16},"end":{"line":15,"column":26}},"loc":{"start":{"line":15,"column":41},"end":{"line":17,"column":1}}},"4":{"name":"initi18n","decl":{"start":{"line":19,"column":16},"end":{"line":19,"column":24}},"loc":{"start":{"line":19,"column":42},"end":{"line":46,"column":1}}},"5":{"name":"(anonymous_6)","decl":{"start":{"line":55,"column":20},"end":{"line":55,"column":25}},"loc":{"start":{"line":60,"column":33},"end":{"line":80,"column":1}}},"6":{"name":"(anonymous_7)","decl":{"start":{"line":63,"column":22},"end":{"line":63,"column":27}},"loc":{"start":{"line":66,"column":6},"end":{"line":77,"column":3}}},"7":{"name":"(anonymous_8)","decl":{"start":{"line":82,"column":34},"end":{"line":82,"column":35}},"loc":{"start":{"line":82,"column":64},"end":{"line":90,"column":1}}},"8":{"name":"(anonymous_9)","decl":{"start":{"line":84,"column":27},"end":{"line":84,"column":28}},"loc":{"start":{"line":84,"column":36},"end":{"line":88,"column":3}}},"9":{"name":"(anonymous_10)","decl":{"start":{"line":92,"column":37},"end":{"line":92,"column":38}},"loc":{"start":{"line":92,"column":70},"end":{"line":104,"column":1}}},"10":{"name":"(anonymous_11)","decl":{"start":{"line":106,"column":31},"end":{"line":106,"column":32}},"loc":{"start":{"line":106,"column":53},"end":{"line":108,"column":1}}},"11":{"name":"(anonymous_12)","decl":{"start":{"line":110,"column":33},"end":{"line":110,"column":34}},"loc":{"start":{"line":110,"column":55},"end":{"line":137,"column":1}}}},"branchMap":{"0":{"loc":{"start":{"line":29,"column":2},"end":{"line":45,"column":3}},"type":"if","locations":[{"start":{"line":29,"column":2},"end":{"line":45,"column":3}},{"start":{"line":37,"column":9},"end":{"line":45,"column":3}}]},"1":{"loc":{"start":{"line":70,"column":4},"end":{"line":76,"column":5}},"type":"if","locations":[{"start":{"line":70,"column":4},"end":{"line":76,"column":5}},{"start":{"line":72,"column":11},"end":{"line":76,"column":5}}]},"2":{"loc":{"start":{"line":72,"column":11},"end":{"line":76,"column":5}},"type":"if","locations":[{"start":{"line":72,"column":11},"end":{"line":76,"column":5}},{"start":{"line":74,"column":11},"end":{"line":76,"column":5}}]},"3":{"loc":{"start":{"line":72,"column":15},"end":{"line":72,"column":54}},"type":"binary-expr","locations":[{"start":{"line":72,"column":15},"end":{"line":72,"column":26}},{"start":{"line":72,"column":30},"end":{"line":72,"column":54}}]},"4":{"loc":{"start":{"line":85,"column":4},"end":{"line":87,"column":5}},"type":"if","locations":[{"start":{"line":85,"column":4},"end":{"line":87,"column":5}}]},"5":{"loc":{"start":{"line":93,"column":2},"end":{"line":96,"column":3}},"type":"if","locations":[{"start":{"line":93,"column":2},"end":{"line":96,"column":3}}]},"6":{"loc":{"start":{"line":98,"column":2},"end":{"line":101,"column":3}},"type":"if","locations":[{"start":{"line":98,"column":2},"end":{"line":101,"column":3}}]},"7":{"loc":{"start":{"line":98,"column":5},"end":{"line":98,"column":52}},"type":"binary-expr","locations":[{"start":{"line":98,"column":5},"end":{"line":98,"column":27}},{"start":{"line":98,"column":31},"end":{"line":98,"column":52}}]},"8":{"loc":{"start":{"line":111,"column":2},"end":{"line":113,"column":3}},"type":"if","locations":[{"start":{"line":111,"column":2},"end":{"line":113,"column":3}}]},"9":{"loc":{"start":{"line":116,"column":2},"end":{"line":118,"column":3}},"type":"if","locations":[{"start":{"line":116,"column":2},"end":{"line":118,"column":3}}]},"10":{"loc":{"start":{"line":122,"column":4},"end":{"line":134,"column":5}},"type":"if","locations":[{"start":{"line":122,"column":4},"end":{"line":134,"column":5}},{"start":{"line":129,"column":11},"end":{"line":134,"column":5}}]},"11":{"loc":{"start":{"line":126,"column":6},"end":{"line":128,"column":7}},"type":"if","locations":[{"start":{"line":126,"column":6},"end":{"line":128,"column":7}}]},"12":{"loc":{"start":{"line":126,"column":10},"end":{"line":126,"column":65}},"type":"binary-expr","locations":[{"start":{"line":126,"column":10},"end":{"line":126,"column":22}},{"start":{"line":126,"column":26},"end":{"line":126,"column":36}},{"start":{"line":126,"column":40},"end":{"line":126,"column":51}},{"start":{"line":126,"column":55},"end":{"line":126,"column":65}}]},"13":{"loc":{"start":{"line":131,"column":6},"end":{"line":133,"column":7}},"type":"if","locations":[{"start":{"line":131,"column":6},"end":{"line":133,"column":7}}]},"14":{"loc":{"start":{"line":131,"column":10},"end":{"line":131,"column":34}},"type":"binary-expr","locations":[{"start":{"line":131,"column":10},"end":{"line":131,"column":21}},{"start":{"line":131,"column":25},"end":{"line":131,"column":34}}]}},"s":{"0":6,"1":6,"2":6,"3":6,"4":6,"5":6,"6":6,"7":6,"8":7,"9":8,"10":19,"11":2,"12":17,"13":17,"14":3,"15":14,"16":6,"17":2,"18":2,"19":6,"20":6,"21":6,"22":1,"23":5,"24":1,"25":4,"26":2,"27":6,"28":6,"29":1,"30":1,"31":4,"32":3,"33":1,"34":6,"35":6,"36":2,"37":1,"38":1,"39":2,"40":1,"41":1,"42":2,"43":6,"44":6,"45":1,"46":6,"47":6,"48":7,"49":1,"50":6,"51":6,"52":6,"53":2,"54":4,"55":4,"56":4,"57":6,"58":6,"59":4,"60":4,"61":4,"62":4,"63":2,"64":2,"65":2,"66":0,"67":2,"68":6},"f":{"0":1,"1":8,"2":19,"3":2,"4":17,"5":2,"6":6,"7":1,"8":4,"9":2,"10":1,"11":7},"b":{"0":[3,14],"1":[1,5],"2":[1,4],"3":[5,5],"4":[3],"5":[1],"6":[1],"7":[2,1],"8":[1],"9":[2],"10":[4,2],"11":[2],"12":[4,4,4,3],"13":[0],"14":[2,2]}}
}
