TN:
SF:src/components/ezp-printing/ezp-printing.tsx
FN:28,(anonymous_10)
FN:73,(anonymous_11)
FN:84,(anonymous_12)
FN:91,(anonymous_13)
FN:98,(anonymous_14)
FN:112,(anonymous_15)
FN:128,(anonymous_16)
FN:136,(anonymous_17)
FN:142,(anonymous_18)
FN:157,(anonymous_19)
FN:169,(anonymous_20)
FN:176,(anonymous_21)
FN:183,(anonymous_22)
FN:190,(anonymous_23)
FN:212,(anonymous_24)
FN:219,(anonymous_25)
FN:226,(anonymous_26)
FN:233,(anonymous_27)
FN:245,(anonymous_28)
FN:253,(anonymous_29)
FN:264,(anonymous_30)
FN:280,(anonymous_31)
FN:289,(anonymous_32)
FN:302,(anonymous_33)
FN:321,(anonymous_34)
FN:323,(anonymous_35)
FN:328,(anonymous_36)
FN:333,(anonymous_37)
FN:360,(anonymous_38)
FN:370,(anonymous_39)
FN:390,(anonymous_40)
FNF:31
FNH:20
FNDA:14,(anonymous_10)
FNDA:1,(anonymous_11)
FNDA:5,(anonymous_12)
FNDA:0,(anonymous_13)
FNDA:0,(anonymous_14)
FNDA:1,(anonymous_15)
FNDA:0,(anonymous_16)
FNDA:5,(anonymous_17)
FNDA:0,(anonymous_18)
FNDA:4,(anonymous_19)
FNDA:3,(anonymous_20)
FNDA:1,(anonymous_21)
FNDA:0,(anonymous_22)
FNDA:0,(anonymous_23)
FNDA:4,(anonymous_24)
FNDA:1,(anonymous_25)
FNDA:2,(anonymous_26)
FNDA:1,(anonymous_27)
FNDA:1,(anonymous_28)
FNDA:0,(anonymous_29)
FNDA:21,(anonymous_30)
FNDA:21,(anonymous_31)
FNDA:19,(anonymous_32)
FNDA:0,(anonymous_33)
FNDA:14,(anonymous_34)
FNDA:0,(anonymous_35)
FNDA:14,(anonymous_36)
FNDA:0,(anonymous_37)
FNDA:14,(anonymous_38)
FNDA:23,(anonymous_39)
FNDA:0,(anonymous_40)
DA:1,1
DA:13,1
DA:14,1
DA:15,1
DA:16,1
DA:23,1
DA:24,1
DA:25,1
DA:26,1
DA:28,1
DA:38,14
DA:43,14
DA:44,14
DA:47,14
DA:49,14
DA:51,14
DA:54,14
DA:63,14
DA:64,14
DA:65,14
DA:66,14
DA:68,14
DA:74,1
DA:75,1
DA:76,1
DA:77,7
DA:79,1
DA:85,5
DA:86,4
DA:92,0
DA:93,0
DA:99,0
DA:100,0
DA:113,1
DA:115,1
DA:116,1
DA:118,1
DA:122,1
DA:123,1
DA:129,0
DA:130,0
DA:131,0
DA:137,5
DA:138,5
DA:143,0
DA:145,0
DA:146,0
DA:148,0
DA:152,0
DA:153,0
DA:158,4
DA:159,0
DA:160,0
DA:161,4
DA:162,2
DA:164,2
DA:170,3
DA:171,3
DA:172,3
DA:177,1
DA:178,1
DA:184,0
DA:185,0
DA:191,0
DA:215,4
DA:220,1
DA:221,1
DA:222,1
DA:227,2
DA:229,2
DA:231,2
DA:234,1
DA:235,1
DA:238,2
DA:239,1
DA:240,1
DA:246,1
DA:247,1
DA:248,1
DA:249,1
DA:255,0
DA:256,0
DA:260,0
DA:265,21
DA:267,21
DA:269,21
DA:270,21
DA:271,21
DA:274,21
DA:275,7
DA:278,21
DA:281,21
DA:282,2
DA:284,21
DA:285,19
DA:286,19
DA:290,19
DA:293,21
DA:295,21
DA:303,0
DA:304,0
DA:308,0
DA:309,0
DA:310,0
DA:311,0
DA:318,0
DA:322,14
DA:323,14
DA:324,0
DA:329,14
DA:331,14
DA:333,14
DA:334,0
DA:337,14
DA:338,14
DA:339,14
DA:341,14
DA:342,0
DA:344,14
DA:347,14
DA:348,0
DA:350,14
DA:353,14
DA:355,14
DA:356,14
DA:357,14
DA:361,14
DA:371,23
DA:390,0
LF:129
LH:96
BRDA:74,0,0,1
BRDA:74,1,0,1
BRDA:74,1,1,1
BRDA:85,2,0,4
BRDA:85,3,0,5
BRDA:85,3,1,5
BRDA:92,4,0,0
BRDA:92,5,0,0
BRDA:92,5,1,0
BRDA:99,6,0,0
BRDA:99,7,0,0
BRDA:99,7,1,0
BRDA:158,8,0,0
BRDA:158,8,1,4
BRDA:161,9,0,2
BRDA:161,9,1,2
BRDA:171,10,0,3
BRDA:171,10,1,0
BRDA:177,11,0,1
BRDA:184,12,0,0
BRDA:238,13,0,1
BRDA:269,14,0,21
BRDA:270,15,0,0
BRDA:270,15,1,21
BRDA:270,16,0,21
BRDA:270,16,1,0
BRDA:274,17,0,7
BRDA:281,18,0,2
BRDA:284,19,0,19
BRDA:303,20,0,0
BRDA:309,21,0,0
BRDA:309,22,0,0
BRDA:309,22,1,0
BRDA:331,23,0,0
BRDA:331,23,1,14
BRDA:334,24,0,0
BRDA:334,24,1,0
BRDA:341,25,0,0
BRDA:341,25,1,14
BRDA:347,26,0,0
BRDA:347,26,1,14
BRDA:374,27,0,23
BRDA:374,27,1,0
BRDA:377,28,0,0
BRDA:377,28,1,23
BRDA:379,29,0,0
BRDA:379,29,1,23
BRDA:381,30,0,10
BRDA:381,30,1,13
BRDA:384,31,0,13
BRDA:384,31,1,13
BRDA:394,32,0,2
BRDA:394,32,1,21
BRDA:402,33,0,2
BRDA:402,33,1,19
BRDA:415,34,0,2
BRDA:415,34,1,17
BRF:57
BRH:34
end_of_record
TN:
SF:src/components/ezp-status/ezp-status.tsx
FN:5,(anonymous_1)
FN:41,(anonymous_2)
FN:45,(anonymous_3)
FN:49,(anonymous_4)
FN:59,(anonymous_5)
FN:67,(anonymous_6)
FNF:6
FNH:4
FNDA:4,(anonymous_1)
FNDA:0,(anonymous_2)
FNDA:1,(anonymous_3)
FNDA:0,(anonymous_4)
FNDA:4,(anonymous_5)
FNDA:4,(anonymous_6)
DA:1,1
DA:3,1
DA:5,1
DA:17,4
DA:18,4
DA:41,4
DA:42,0
DA:45,4
DA:46,1
DA:49,4
DA:50,0
DA:68,4
LF:12
LH:10
BRDA:71,0,0,1
BRDA:71,0,1,3
BRDA:76,1,0,0
BRDA:76,1,1,3
BRDA:80,2,0,4
BRDA:80,2,1,3
BRDA:80,2,2,3
BRDA:80,2,3,1
BRDA:82,3,0,1
BRDA:82,3,1,1
BRDA:88,4,0,1
BRDA:88,4,1,0
BRDA:94,5,0,1
BRDA:94,5,1,1
BRDA:96,6,0,1
BRDA:96,6,1,0
BRDA:100,7,0,1
BRDA:100,7,1,0
BRDA:104,8,0,1
BRDA:104,8,1,1
BRDA:110,9,0,1
BRDA:110,9,1,0
BRF:22
BRH:17
end_of_record
TN:
SF:src/components/ezp-stepper/ezp-stepper.tsx
FN:4,(anonymous_0)
FN:90,(anonymous_1)
FN:98,(anonymous_2)
FN:107,(anonymous_3)
FN:149,(anonymous_4)
FN:153,(anonymous_5)
FN:157,(anonymous_6)
FN:160,(anonymous_7)
FN:77,(anonymous_8)
FN:182,(anonymous_9)
FN:197,(anonymous_10)
FN:206,(anonymous_11)
FNF:12
FNH:8
FNDA:9,(anonymous_0)
FNDA:3,(anonymous_1)
FNDA:7,(anonymous_2)
FNDA:4,(anonymous_3)
FNDA:0,(anonymous_4)
FNDA:0,(anonymous_5)
FNDA:0,(anonymous_6)
FNDA:0,(anonymous_7)
FNDA:21,(anonymous_8)
FNDA:9,(anonymous_9)
FNDA:26,(anonymous_10)
FNDA:26,(anonymous_11)
DA:1,1
DA:4,1
DA:12,1
DA:24,1
DA:36,9
DA:42,9
DA:51,9
DA:54,9
DA:57,9
DA:60,9
DA:78,21
DA:79,21
DA:80,21
DA:81,21
DA:90,9
DA:91,3
DA:93,3
DA:94,2
DA:98,9
DA:99,7
DA:100,7
DA:102,7
DA:103,6
DA:107,9
DA:108,4
DA:110,4
DA:113,4
DA:114,1
DA:115,1
DA:116,1
DA:120,3
DA:123,3
DA:124,1
DA:125,1
DA:129,2
DA:130,2
DA:132,2
DA:135,2
DA:136,0
DA:140,2
DA:141,2
DA:142,2
DA:145,2
DA:146,2
DA:149,9
DA:150,0
DA:153,9
DA:154,0
DA:157,9
DA:158,0
DA:160,9
DA:162,0
DA:166,0
DA:170,0
DA:171,0
DA:172,0
DA:185,9
DA:186,2
DA:188,9
DA:198,26
DA:206,26
LF:61
LH:52
BRDA:93,0,0,2
BRDA:93,1,0,3
BRDA:93,1,1,3
BRDA:93,1,2,3
BRDA:100,2,0,7
BRDA:100,2,1,0
BRDA:102,3,0,6
BRDA:102,4,0,7
BRDA:102,4,1,7
BRDA:108,5,0,0
BRDA:113,6,0,1
BRDA:123,7,0,1
BRDA:135,8,0,0
BRDA:140,9,0,0
BRDA:140,10,0,2
BRDA:140,10,1,2
BRDA:141,11,0,2
BRDA:141,11,1,0
BRDA:142,12,0,1
BRDA:150,13,0,0
BRDA:150,13,1,0
BRDA:150,14,0,0
BRDA:150,14,1,0
BRDA:162,15,0,0
BRDA:163,16,0,0
BRDA:163,16,1,0
BRDA:163,16,2,0
BRDA:163,16,3,0
BRDA:171,17,0,0
BRDA:78,18,0,21
BRDA:78,18,1,0
BRDA:80,19,0,21
BRDA:80,19,1,0
BRDA:185,20,0,2
BRDA:185,21,0,9
BRDA:185,21,1,9
BRDA:199,22,0,0
BRDA:199,22,1,26
BRDA:199,23,0,0
BRDA:199,23,1,26
BRDA:201,24,0,0
BRDA:201,24,1,26
BRDA:208,25,0,26
BRDA:208,25,1,0
BRF:44
BRH:23
end_of_record
TN:
SF:src/services/auth.ts
FN:6,base64UrlEncode
FN:17,(anonymous_1)
FN:41,(anonymous_2)
FN:53,(anonymous_3)
FN:59,(anonymous_4)
FN:70,(anonymous_5)
FN:78,(anonymous_6)
FN:92,(anonymous_7)
FN:105,(anonymous_8)
FN:106,(anonymous_9)
FN:113,(anonymous_10)
FN:124,(anonymous_11)
FN:125,(anonymous_12)
FN:132,(anonymous_13)
FN:141,(anonymous_14)
FN:162,sendCodeToParentWindow
FNF:16
FNH:15
FNDA:10,base64UrlEncode
FNDA:42,(anonymous_1)
FNDA:6,(anonymous_2)
FNDA:5,(anonymous_3)
FNDA:2,(anonymous_4)
FNDA:6,(anonymous_5)
FNDA:3,(anonymous_6)
FNDA:1,(anonymous_7)
FNDA:1,(anonymous_8)
FNDA:1,(anonymous_9)
FNDA:3,(anonymous_10)
FNDA:3,(anonymous_11)
FNDA:3,(anonymous_12)
FNDA:3,(anonymous_13)
FNDA:0,(anonymous_14)
FNDA:16,sendCodeToParentWindow
DA:1,4
DA:2,4
DA:3,4
DA:7,10
DA:10,10
DA:11,480
DA:13,10
DA:16,4
DA:18,42
DA:19,42
DA:22,42
DA:24,42
DA:25,42
DA:26,42
DA:33,42
DA:34,42
DA:42,6
DA:43,1
DA:47,5
DA:48,5
DA:49,5
DA:54,5
DA:55,5
DA:56,5
DA:60,2
DA:61,2
DA:62,2
DA:63,2
DA:64,2
DA:65,2
DA:66,2
DA:71,6
DA:79,3
DA:80,3
DA:81,3
DA:83,3
DA:84,3
DA:85,3
DA:87,3
DA:88,3
DA:89,3
DA:93,1
DA:105,1
DA:107,1
DA:108,1
DA:114,3
DA:124,3
DA:126,3
DA:127,2
DA:133,3
DA:134,2
DA:147,4
DA:160,4
DA:162,4
DA:164,16
DA:165,16
DA:166,16
DA:167,1
DA:169,1
DA:170,1
LF:60
LH:60
BRDA:42,0,0,1
BRDA:42,0,1,5
BRDA:107,1,0,1
BRDA:126,2,0,2
BRDA:133,3,0,2
BRDA:166,4,0,1
BRDA:167,5,0,1
BRF:7
BRH:7
end_of_record
TN:
SF:src/services/http.ts
FN:4,bearer
FN:15,refreshAccessToken
FN:21,(anonymous_11)
FN:34,authGetJson
FNF:4
FNH:4
FNDA:36,bearer
FNDA:2,refreshAccessToken
FNDA:1,(anonymous_11)
FNDA:8,authGetJson
DA:1,3
DA:4,3
DA:5,36
DA:13,3
DA:15,3
DA:16,2
DA:17,1
DA:19,1
DA:20,1
DA:21,1
DA:22,1
DA:25,1
DA:26,1
DA:34,3
DA:35,8
DA:37,7
DA:38,2
DA:39,2
DA:40,1
DA:44,7
LF:20
LH:20
BRDA:16,0,0,1
BRDA:16,1,0,2
BRDA:16,1,1,1
BRDA:19,2,0,1
BRDA:26,3,0,1
BRDA:26,3,1,0
BRDA:37,4,0,2
BRDA:39,5,0,1
BRF:8
BRH:7
end_of_record
TN:
SF:src/services/print-job.ts
FN:30,fileExtension
FN:35,(anonymous_1)
FN:35,(anonymous_2)
FN:42,waitForJobCompletion
FN:85,uploadAndPrintFile
FN:125,(anonymous_5)
FNF:6
FNH:6
FNDA:9,fileExtension
FNDA:2,(anonymous_1)
FNDA:2,(anonymous_2)
FNDA:5,waitForJobCompletion
FNDA:6,uploadAndPrintFile
FNDA:1,(anonymous_5)
DA:2,1
DA:3,1
DA:30,1
DA:31,9
DA:32,9
DA:35,2
DA:42,1
DA:48,5
DA:49,7
DA:50,7
DA:52,7
DA:53,4
DA:54,2
DA:55,2
DA:57,2
DA:58,1
DA:60,1
DA:85,1
DA:90,6
DA:91,6
DA:92,6
DA:94,6
DA:95,6
DA:96,6
DA:98,6
DA:99,6
DA:100,6
DA:101,6
DA:102,1
DA:105,5
DA:114,5
DA:115,2
DA:117,3
DA:118,1
DA:120,2
DA:121,1
DA:124,1
DA:125,1
DA:127,6
LF:39
LH:39
BRDA:32,0,0,8
BRDA:32,0,1,1
BRDA:45,1,0,0
BRDA:52,2,0,3
BRDA:53,3,0,2
BRDA:57,4,0,1
BRDA:58,5,0,1
BRDA:58,5,1,1
BRDA:60,6,0,1
BRDA:60,6,1,0
BRDA:88,7,0,4
BRDA:90,8,0,5
BRDA:90,8,1,1
BRDA:90,9,0,6
BRDA:90,9,1,6
BRDA:92,10,0,5
BRDA:92,10,1,1
BRDA:92,11,0,6
BRDA:92,11,1,6
BRDA:98,12,0,4
BRDA:98,12,1,2
BRDA:98,13,0,6
BRDA:98,13,1,6
BRDA:101,14,0,1
BRDA:114,15,0,2
BRDA:117,16,0,1
BRDA:117,17,0,3
BRDA:117,17,1,1
BRDA:117,17,2,1
BRDA:120,18,0,1
BRDA:124,19,0,0
BRDA:124,19,1,1
BRDA:124,20,0,1
BRDA:124,20,1,1
BRDA:127,21,0,4
BRDA:127,21,1,2
BRDA:127,22,0,6
BRDA:127,22,1,6
BRF:38
BRH:35
end_of_record
TN:
SF:src/services/print.ts
FN:17,(anonymous_1)
FN:192,(anonymous_2)
FN:32,(anonymous_3)
FN:39,(anonymous_4)
FN:41,(anonymous_5)
FN:45,(anonymous_6)
FN:50,(anonymous_7)
FN:60,(anonymous_8)
FN:67,(anonymous_9)
FN:71,(anonymous_10)
FN:78,(anonymous_11)
FN:85,(anonymous_12)
FN:92,(anonymous_13)
FN:117,(anonymous_14)
FN:125,(anonymous_15)
FN:141,(anonymous_16)
FN:157,(anonymous_17)
FN:160,(anonymous_18)
FN:167,(anonymous_19)
FN:182,(anonymous_20)
FNF:20
FNH:12
FNDA:31,(anonymous_1)
FNDA:1,(anonymous_2)
FNDA:31,(anonymous_3)
FNDA:0,(anonymous_4)
FNDA:0,(anonymous_5)
FNDA:0,(anonymous_6)
FNDA:0,(anonymous_7)
FNDA:0,(anonymous_8)
FNDA:1,(anonymous_9)
FNDA:22,(anonymous_10)
FNDA:1,(anonymous_11)
FNDA:0,(anonymous_12)
FNDA:2,(anonymous_13)
FNDA:1,(anonymous_14)
FNDA:4,(anonymous_15)
FNDA:2,(anonymous_16)
FNDA:2,(anonymous_17)
FNDA:2,(anonymous_18)
FNDA:0,(anonymous_19)
FNDA:0,(anonymous_20)
DA:1,2
DA:2,2
DA:3,2
DA:12,2
DA:13,2
DA:14,2
DA:16,2
DA:18,31
DA:19,31
DA:20,31
DA:22,31
DA:30,31
DA:33,31
DA:34,9
DA:36,22
DA:40,0
DA:43,0
DA:47,0
DA:51,0
DA:55,0
DA:58,0
DA:62,0
DA:68,1
DA:72,22
DA:79,1
DA:86,0
DA:101,2
DA:103,2
DA:118,1
DA:119,1
DA:120,1
DA:130,4
DA:150,2
DA:157,2
DA:161,2
DA:168,0
DA:169,0
DA:178,0
DA:179,0
DA:183,0
DA:184,0
DA:189,0
DA:192,31
DA:193,1
DA:200,2
DA:215,2
LF:46
LH:31
BRDA:33,0,0,9
BRDA:36,1,0,0
BRDA:36,1,1,22
BRDA:36,2,0,22
BRDA:36,2,1,0
BRDA:51,3,0,0
BRDA:51,4,0,0
BRDA:51,4,1,0
BRDA:109,5,0,2
BRDA:109,5,1,1
BRDA:110,6,0,2
BRDA:110,6,1,0
BRDA:118,7,0,1
BRDA:154,8,0,2
BRDA:154,8,1,1
BRDA:155,9,0,2
BRDA:155,9,1,0
BRF:17
BRH:10
end_of_record
TN:
SF:src/services/user.ts
FN:16,(anonymous_1)
FNF:1
FNH:0
FNDA:0,(anonymous_1)
DA:1,1
DA:2,1
DA:3,1
DA:15,1
DA:17,0
DA:24,1
DA:34,1
LF:7
LH:6
BRF:0
BRH:0
end_of_record
TN:
SF:src/shared/constants.ts
FN:11,(anonymous_0)
FNF:1
FNH:1
FNDA:8,(anonymous_0)
DA:11,8
DA:12,8
DA:14,8
DA:16,8
DA:17,8
DA:19,8
DA:23,8
DA:29,8
DA:36,8
DA:39,8
DA:42,8
DA:45,8
DA:48,8
DA:51,8
DA:52,8
DA:54,8
DA:57,8
LF:17
LH:17
BRDA:11,0,0,8
BRDA:11,0,1,8
BRF:2
BRH:2
end_of_record
TN:
SF:src/shared/storage.ts
FN:21,getJSON
FN:32,(anonymous_1)
FN:35,(anonymous_2)
FN:39,(anonymous_3)
FN:42,(anonymous_4)
FN:46,(anonymous_5)
FN:49,(anonymous_6)
FN:52,(anonymous_7)
FN:56,(anonymous_8)
FN:59,(anonymous_9)
FN:63,(anonymous_10)
FN:66,(anonymous_11)
FN:71,(anonymous_12)
FN:80,(anonymous_13)
FNF:14
FNH:14
FNDA:5,getJSON
FNDA:24,(anonymous_1)
FNDA:6,(anonymous_2)
FNDA:24,(anonymous_3)
FNDA:5,(anonymous_4)
FNDA:9,(anonymous_5)
FNDA:27,(anonymous_6)
FNDA:23,(anonymous_7)
FNDA:3,(anonymous_8)
FNDA:3,(anonymous_9)
FNDA:2,(anonymous_10)
FNDA:3,(anonymous_11)
FNDA:2,(anonymous_12)
FNDA:1,(anonymous_13)
DA:13,5
DA:22,5
DA:23,5
DA:24,3
DA:25,3
DA:27,1
DA:31,5
DA:33,24
DA:36,6
DA:40,24
DA:43,5
DA:47,9
DA:50,27
DA:53,23
DA:57,3
DA:60,3
DA:64,2
DA:67,3
DA:72,2
DA:73,2
DA:74,2
DA:75,2
DA:76,2
DA:81,1
DA:82,1
LF:25
LH:25
BRDA:23,0,0,2
BRF:1
BRH:1
end_of_record
TN:
SF:src/utils/printer.ts
FN:17,applyPrinterDefaults
FN:33,(anonymous_1)
FN:39,(anonymous_2)
FN:59,hasNoTrays
FN:64,hasTrays
FN:76,classifyJobStatus
FNF:6
FNH:6
FNDA:4,applyPrinterDefaults
FNDA:1,(anonymous_1)
FNDA:3,(anonymous_2)
FNDA:3,hasNoTrays
FNDA:3,hasTrays
FNDA:22,classifyJobStatus
DA:2,2
DA:17,2
DA:21,4
DA:23,4
DA:24,4
DA:26,4
DA:27,2
DA:28,2
DA:30,4
DA:31,4
DA:33,4
DA:34,4
DA:35,4
DA:39,4
DA:40,4
DA:41,1
DA:42,1
DA:46,4
DA:47,1
DA:48,1
DA:51,4
DA:52,4
DA:53,4
DA:55,4
DA:59,2
DA:60,3
DA:64,2
DA:65,3
DA:76,2
DA:77,22
DA:78,18
DA:79,14
DA:80,9
DA:81,6
LF:34
LH:34
BRDA:21,0,0,1
BRDA:21,0,1,3
BRDA:21,1,0,1
BRDA:21,1,1,3
BRDA:21,2,0,4
BRDA:21,2,1,4
BRDA:23,3,0,1
BRDA:23,3,1,3
BRDA:23,4,0,4
BRDA:23,4,1,4
BRDA:24,5,0,1
BRDA:24,5,1,3
BRDA:24,6,0,4
BRDA:24,6,1,4
BRDA:26,7,0,2
BRDA:27,8,0,0
BRDA:27,8,1,2
BRDA:27,9,0,2
BRDA:27,9,1,2
BRDA:28,10,0,2
BRDA:28,11,0,2
BRDA:28,11,1,2
BRDA:30,12,0,1
BRDA:30,12,1,3
BRDA:30,13,0,4
BRDA:30,13,1,4
BRDA:31,14,0,1
BRDA:31,14,1,3
BRDA:31,15,0,4
BRDA:31,15,1,4
BRDA:33,16,0,3
BRDA:33,16,1,1
BRDA:33,17,0,4
BRDA:33,17,1,4
BRDA:34,18,0,3
BRDA:34,18,1,1
BRDA:34,19,0,4
BRDA:34,19,1,4
BRDA:35,20,0,3
BRDA:35,20,1,1
BRDA:35,21,0,4
BRDA:35,21,1,4
BRDA:39,22,0,2
BRDA:39,22,1,2
BRDA:39,23,0,4
BRDA:39,23,1,4
BRDA:39,24,0,1
BRDA:39,24,1,2
BRDA:39,25,0,3
BRDA:39,25,1,2
BRDA:40,26,0,1
BRDA:40,27,0,4
BRDA:40,27,1,2
BRDA:40,27,2,2
BRDA:41,28,0,0
BRDA:41,28,1,1
BRDA:41,29,0,1
BRDA:41,29,1,1
BRDA:42,30,0,0
BRDA:42,30,1,1
BRDA:42,31,0,1
BRDA:42,31,1,1
BRDA:46,32,0,1
BRDA:46,33,0,4
BRDA:46,33,1,2
BRDA:46,33,2,2
BRDA:60,34,0,3
BRDA:60,34,1,2
BRDA:60,34,2,2
BRDA:65,35,0,3
BRDA:65,35,1,2
BRDA:65,35,2,2
BRDA:77,36,0,4
BRDA:78,37,0,4
BRDA:79,38,0,5
BRDA:79,39,0,14
BRDA:79,39,1,6
BRDA:80,40,0,3
BRF:78
BRH:75
end_of_record
TN:
SF:src/utils/utils.ts
FN:7,(anonymous_1)
FN:9,encodeFormData
FN:11,(anonymous_3)
FN:15,capitalize
FN:19,initi18n
FN:55,(anonymous_6)
FN:63,(anonymous_7)
FN:82,(anonymous_8)
FN:84,(anonymous_9)
FN:92,(anonymous_10)
FN:106,(anonymous_11)
FN:110,(anonymous_12)
FNF:12
FNH:12
FNDA:1,(anonymous_1)
FNDA:8,encodeFormData
FNDA:19,(anonymous_3)
FNDA:2,capitalize
FNDA:17,initi18n
FNDA:2,(anonymous_6)
FNDA:6,(anonymous_7)
FNDA:1,(anonymous_8)
FNDA:4,(anonymous_9)
FNDA:2,(anonymous_10)
FNDA:1,(anonymous_11)
FNDA:7,(anonymous_12)
DA:1,6
DA:2,6
DA:3,6
DA:5,6
DA:7,7
DA:9,6
DA:10,8
DA:11,19
DA:15,6
DA:16,2
DA:19,6
DA:20,17
DA:29,17
DA:30,3
DA:38,14
DA:55,6
DA:61,2
DA:63,2
DA:67,6
DA:68,6
DA:70,6
DA:71,1
DA:72,5
DA:73,1
DA:75,4
DA:79,2
DA:82,6
DA:83,1
DA:84,1
DA:85,4
DA:86,3
DA:89,1
DA:92,6
DA:93,2
DA:94,1
DA:95,1
DA:98,2
DA:99,1
DA:100,1
DA:103,2
DA:106,6
DA:107,1
DA:110,6
DA:111,7
DA:112,1
DA:114,6
DA:115,6
DA:116,6
DA:117,2
DA:119,4
DA:120,4
DA:121,6
DA:122,6
DA:123,4
DA:124,4
DA:125,4
DA:126,4
DA:127,2
DA:130,2
DA:131,2
DA:132,0
DA:136,2
LF:62
LH:61
BRDA:29,0,0,3
BRDA:29,0,1,14
BRDA:70,1,0,1
BRDA:70,1,1,5
BRDA:72,2,0,1
BRDA:72,2,1,4
BRDA:72,3,0,5
BRDA:72,3,1,5
BRDA:85,4,0,3
BRDA:93,5,0,1
BRDA:98,6,0,1
BRDA:98,7,0,2
BRDA:98,7,1,1
BRDA:111,8,0,1
BRDA:116,9,0,2
BRDA:122,10,0,4
BRDA:122,10,1,2
BRDA:126,11,0,2
BRDA:126,12,0,4
BRDA:126,12,1,4
BRDA:126,12,2,4
BRDA:126,12,3,3
BRDA:131,13,0,0
BRDA:131,14,0,2
BRDA:131,14,1,2
BRF:25
BRH:24
end_of_record
